[0.388s] DEBUG:colcon:Command line arguments: ['/usr/bin/colcon', 'build', '--symlink-install']
[0.388s] DEBUG:colcon:Parsed command line arguments: Namespace(log_base=None, log_level=None, verb_name='build', build_base='build', install_base='install', merge_install=False, symlink_install=True, test_result_base=None, continue_on_error=False, executor='parallel', parallel_workers=2, event_handlers=None, ignore_user_meta=False, metas=['./colcon.meta'], base_paths=['.'], packages_ignore=None, packages_ignore_regex=None, paths=None, packages_up_to=None, packages_up_to_regex=None, packages_above=None, packages_above_and_dependencies=None, packages_above_depth=None, packages_select_by_dep=None, packages_skip_by_dep=None, packages_skip_up_to=None, packages_select_build_failed=False, packages_skip_build_finished=False, packages_select_test_failures=False, packages_skip_test_passed=False, packages_select=None, packages_skip=None, packages_select_regex=None, packages_skip_regex=None, packages_start=None, packages_end=None, allow_overriding=[], cmake_args=None, cmake_target=None, cmake_target_skip_unavailable=False, cmake_clean_cache=False, cmake_clean_first=False, cmake_force_configure=False, ament_cmake_args=None, catkin_cmake_args=None, catkin_skip_building_tests=False, mixin_files=None, mixin=None, verb_parser=<colcon_mixin.mixin.mixin_argument.MixinArgumentDecorator object at 0x71825b232920>, verb_extension=<colcon_core.verb.build.BuildVerb object at 0x71825b342f50>, main=<bound method BuildVerb.main of <colcon_core.verb.build.BuildVerb object at 0x71825b342f50>>, mixin_verb=('build',))
[0.818s] Level 1:colcon.colcon_core.package_discovery:discover_packages(colcon_meta) check parameters
[0.819s] Level 1:colcon.colcon_core.package_discovery:discover_packages(recursive) check parameters
[0.819s] Level 1:colcon.colcon_core.package_discovery:discover_packages(ignore) check parameters
[0.819s] Level 1:colcon.colcon_core.package_discovery:discover_packages(path) check parameters
[0.819s] Level 1:colcon.colcon_core.package_discovery:discover_packages(colcon_meta) discover
[0.819s] Level 1:colcon.colcon_core.package_discovery:discover_packages(recursive) discover
[0.819s] INFO:colcon.colcon_core.package_discovery:Crawling recursively for packages in '/home/pdy/kdta_ws'
[0.819s] Level 1:colcon.colcon_core.package_identification:_identify(.) by extensions ['ignore', 'ignore_ament_install']
[0.820s] Level 1:colcon.colcon_core.package_identification:_identify(.) by extension 'ignore'
[0.821s] Level 1:colcon.colcon_core.package_identification:_identify(.) by extension 'ignore_ament_install'
[0.821s] Level 1:colcon.colcon_core.package_identification:_identify(.) by extensions ['colcon_pkg']
[0.821s] Level 1:colcon.colcon_core.package_identification:_identify(.) by extension 'colcon_pkg'
[0.821s] Level 1:colcon.colcon_core.package_identification:_identify(.) by extensions ['colcon_meta']
[0.821s] Level 1:colcon.colcon_core.package_identification:_identify(.) by extension 'colcon_meta'
[0.821s] Level 1:colcon.colcon_core.package_identification:_identify(.) by extensions ['ros']
[0.821s] Level 1:colcon.colcon_core.package_identification:_identify(.) by extension 'ros'
[0.851s] Level 1:colcon.colcon_core.package_identification:_identify(.) by extensions ['cmake', 'python']
[0.852s] Level 1:colcon.colcon_core.package_identification:_identify(.) by extension 'cmake'
[0.852s] Level 1:colcon.colcon_core.package_identification:_identify(.) by extension 'python'
[0.852s] Level 1:colcon.colcon_core.package_identification:_identify(.) by extensions ['python_setup_py']
[0.852s] Level 1:colcon.colcon_core.package_identification:_identify(.) by extension 'python_setup_py'
[0.853s] Level 1:colcon.colcon_core.package_identification:_identify(build) by extensions ['ignore', 'ignore_ament_install']
[0.853s] Level 1:colcon.colcon_core.package_identification:_identify(build) by extension 'ignore'
[0.853s] Level 1:colcon.colcon_core.package_identification:_identify(build) ignored
[0.853s] Level 1:colcon.colcon_core.package_identification:_identify(install) by extensions ['ignore', 'ignore_ament_install']
[0.853s] Level 1:colcon.colcon_core.package_identification:_identify(install) by extension 'ignore'
[0.854s] Level 1:colcon.colcon_core.package_identification:_identify(install) ignored
[0.854s] Level 1:colcon.colcon_core.package_identification:_identify(log) by extensions ['ignore', 'ignore_ament_install']
[0.854s] Level 1:colcon.colcon_core.package_identification:_identify(log) by extension 'ignore'
[0.854s] Level 1:colcon.colcon_core.package_identification:_identify(log) ignored
[0.854s] Level 1:colcon.colcon_core.package_identification:_identify(src) by extensions ['ignore', 'ignore_ament_install']
[0.855s] Level 1:colcon.colcon_core.package_identification:_identify(src) by extension 'ignore'
[0.855s] Level 1:colcon.colcon_core.package_identification:_identify(src) by extension 'ignore_ament_install'
[0.855s] Level 1:colcon.colcon_core.package_identification:_identify(src) by extensions ['colcon_pkg']
[0.855s] Level 1:colcon.colcon_core.package_identification:_identify(src) by extension 'colcon_pkg'
[0.855s] Level 1:colcon.colcon_core.package_identification:_identify(src) by extensions ['colcon_meta']
[0.855s] Level 1:colcon.colcon_core.package_identification:_identify(src) by extension 'colcon_meta'
[0.855s] Level 1:colcon.colcon_core.package_identification:_identify(src) by extensions ['ros']
[0.855s] Level 1:colcon.colcon_core.package_identification:_identify(src) by extension 'ros'
[0.856s] Level 1:colcon.colcon_core.package_identification:_identify(src) by extensions ['cmake', 'python']
[0.856s] Level 1:colcon.colcon_core.package_identification:_identify(src) by extension 'cmake'
[0.856s] Level 1:colcon.colcon_core.package_identification:_identify(src) by extension 'python'
[0.856s] Level 1:colcon.colcon_core.package_identification:_identify(src) by extensions ['python_setup_py']
[0.856s] Level 1:colcon.colcon_core.package_identification:_identify(src) by extension 'python_setup_py'
[0.856s] Level 1:colcon.colcon_core.package_identification:_identify(src/move_t_sim) by extensions ['ignore', 'ignore_ament_install']
[0.856s] Level 1:colcon.colcon_core.package_identification:_identify(src/move_t_sim) by extension 'ignore'
[0.857s] Level 1:colcon.colcon_core.package_identification:_identify(src/move_t_sim) by extension 'ignore_ament_install'
[0.857s] Level 1:colcon.colcon_core.package_identification:_identify(src/move_t_sim) by extensions ['colcon_pkg']
[0.857s] Level 1:colcon.colcon_core.package_identification:_identify(src/move_t_sim) by extension 'colcon_pkg'
[0.857s] Level 1:colcon.colcon_core.package_identification:_identify(src/move_t_sim) by extensions ['colcon_meta']
[0.857s] Level 1:colcon.colcon_core.package_identification:_identify(src/move_t_sim) by extension 'colcon_meta'
[0.857s] Level 1:colcon.colcon_core.package_identification:_identify(src/move_t_sim) by extensions ['ros']
[0.857s] Level 1:colcon.colcon_core.package_identification:_identify(src/move_t_sim) by extension 'ros'
[0.857s] Level 1:colcon.colcon_core.package_identification:_identify(src/move_t_sim) by extensions ['cmake', 'python']
[0.858s] Level 1:colcon.colcon_core.package_identification:_identify(src/move_t_sim) by extension 'cmake'
[0.858s] Level 1:colcon.colcon_core.package_identification:_identify(src/move_t_sim) by extension 'python'
[0.858s] Level 1:colcon.colcon_core.package_identification:_identify(src/move_t_sim) by extensions ['python_setup_py']
[0.858s] Level 1:colcon.colcon_core.package_identification:_identify(src/move_t_sim) by extension 'python_setup_py'
[0.858s] Level 1:colcon.colcon_core.package_identification:_identify(src/move_t_sim/moveTSim) by extensions ['ignore', 'ignore_ament_install']
[0.858s] Level 1:colcon.colcon_core.package_identification:_identify(src/move_t_sim/moveTSim) by extension 'ignore'
[0.858s] Level 1:colcon.colcon_core.package_identification:_identify(src/move_t_sim/moveTSim) by extension 'ignore_ament_install'
[0.859s] Level 1:colcon.colcon_core.package_identification:_identify(src/move_t_sim/moveTSim) by extensions ['colcon_pkg']
[0.859s] Level 1:colcon.colcon_core.package_identification:_identify(src/move_t_sim/moveTSim) by extension 'colcon_pkg'
[0.859s] Level 1:colcon.colcon_core.package_identification:_identify(src/move_t_sim/moveTSim) by extensions ['colcon_meta']
[0.859s] Level 1:colcon.colcon_core.package_identification:_identify(src/move_t_sim/moveTSim) by extension 'colcon_meta'
[0.859s] Level 1:colcon.colcon_core.package_identification:_identify(src/move_t_sim/moveTSim) by extensions ['ros']
[0.859s] Level 1:colcon.colcon_core.package_identification:_identify(src/move_t_sim/moveTSim) by extension 'ros'
[0.897s] DEBUG:colcon.colcon_core.package_identification:Package 'src/move_t_sim/moveTSim' with type 'ros.ament_cmake' and name 'move_t_sim'
[0.898s] Level 1:colcon.colcon_core.package_identification:_identify(src/simple_pkg_cpp) by extensions ['ignore', 'ignore_ament_install']
[0.898s] Level 1:colcon.colcon_core.package_identification:_identify(src/simple_pkg_cpp) by extension 'ignore'
[0.899s] Level 1:colcon.colcon_core.package_identification:_identify(src/simple_pkg_cpp) by extension 'ignore_ament_install'
[0.899s] Level 1:colcon.colcon_core.package_identification:_identify(src/simple_pkg_cpp) by extensions ['colcon_pkg']
[0.899s] Level 1:colcon.colcon_core.package_identification:_identify(src/simple_pkg_cpp) by extension 'colcon_pkg'
[0.899s] Level 1:colcon.colcon_core.package_identification:_identify(src/simple_pkg_cpp) by extensions ['colcon_meta']
[0.899s] Level 1:colcon.colcon_core.package_identification:_identify(src/simple_pkg_cpp) by extension 'colcon_meta'
[0.899s] Level 1:colcon.colcon_core.package_identification:_identify(src/simple_pkg_cpp) by extensions ['ros']
[0.899s] Level 1:colcon.colcon_core.package_identification:_identify(src/simple_pkg_cpp) by extension 'ros'
[0.901s] DEBUG:colcon.colcon_core.package_identification:Package 'src/simple_pkg_cpp' with type 'ros.ament_cmake' and name 'simple_pkg_cpp'
[0.902s] Level 1:colcon.colcon_core.package_identification:_identify(src/turtlebot3_simulations) by extensions ['ignore', 'ignore_ament_install']
[0.902s] Level 1:colcon.colcon_core.package_identification:_identify(src/turtlebot3_simulations) by extension 'ignore'
[0.902s] Level 1:colcon.colcon_core.package_identification:_identify(src/turtlebot3_simulations) by extension 'ignore_ament_install'
[0.902s] Level 1:colcon.colcon_core.package_identification:_identify(src/turtlebot3_simulations) by extensions ['colcon_pkg']
[0.902s] Level 1:colcon.colcon_core.package_identification:_identify(src/turtlebot3_simulations) by extension 'colcon_pkg'
[0.902s] Level 1:colcon.colcon_core.package_identification:_identify(src/turtlebot3_simulations) by extensions ['colcon_meta']
[0.902s] Level 1:colcon.colcon_core.package_identification:_identify(src/turtlebot3_simulations) by extension 'colcon_meta'
[0.902s] Level 1:colcon.colcon_core.package_identification:_identify(src/turtlebot3_simulations) by extensions ['ros']
[0.902s] Level 1:colcon.colcon_core.package_identification:_identify(src/turtlebot3_simulations) by extension 'ros'
[0.902s] Level 1:colcon.colcon_core.package_identification:_identify(src/turtlebot3_simulations) by extensions ['cmake', 'python']
[0.903s] Level 1:colcon.colcon_core.package_identification:_identify(src/turtlebot3_simulations) by extension 'cmake'
[0.903s] Level 1:colcon.colcon_core.package_identification:_identify(src/turtlebot3_simulations) by extension 'python'
[0.903s] Level 1:colcon.colcon_core.package_identification:_identify(src/turtlebot3_simulations) by extensions ['python_setup_py']
[0.903s] Level 1:colcon.colcon_core.package_identification:_identify(src/turtlebot3_simulations) by extension 'python_setup_py'
[0.903s] Level 1:colcon.colcon_core.package_identification:_identify(src/turtlebot3_simulations/turtlebot3_fake_node) by extensions ['ignore', 'ignore_ament_install']
[0.903s] Level 1:colcon.colcon_core.package_identification:_identify(src/turtlebot3_simulations/turtlebot3_fake_node) by extension 'ignore'
[0.903s] Level 1:colcon.colcon_core.package_identification:_identify(src/turtlebot3_simulations/turtlebot3_fake_node) by extension 'ignore_ament_install'
[0.904s] Level 1:colcon.colcon_core.package_identification:_identify(src/turtlebot3_simulations/turtlebot3_fake_node) by extensions ['colcon_pkg']
[0.904s] Level 1:colcon.colcon_core.package_identification:_identify(src/turtlebot3_simulations/turtlebot3_fake_node) by extension 'colcon_pkg'
[0.904s] Level 1:colcon.colcon_core.package_identification:_identify(src/turtlebot3_simulations/turtlebot3_fake_node) by extensions ['colcon_meta']
[0.904s] Level 1:colcon.colcon_core.package_identification:_identify(src/turtlebot3_simulations/turtlebot3_fake_node) by extension 'colcon_meta'
[0.904s] Level 1:colcon.colcon_core.package_identification:_identify(src/turtlebot3_simulations/turtlebot3_fake_node) by extensions ['ros']
[0.904s] Level 1:colcon.colcon_core.package_identification:_identify(src/turtlebot3_simulations/turtlebot3_fake_node) by extension 'ros'
[0.908s] DEBUG:colcon.colcon_core.package_identification:Package 'src/turtlebot3_simulations/turtlebot3_fake_node' with type 'ros.ament_cmake' and name 'turtlebot3_fake_node'
[0.908s] Level 1:colcon.colcon_core.package_identification:_identify(src/turtlebot3_simulations/turtlebot3_gazebo) by extensions ['ignore', 'ignore_ament_install']
[0.908s] Level 1:colcon.colcon_core.package_identification:_identify(src/turtlebot3_simulations/turtlebot3_gazebo) by extension 'ignore'
[0.908s] Level 1:colcon.colcon_core.package_identification:_identify(src/turtlebot3_simulations/turtlebot3_gazebo) by extension 'ignore_ament_install'
[0.908s] Level 1:colcon.colcon_core.package_identification:_identify(src/turtlebot3_simulations/turtlebot3_gazebo) by extensions ['colcon_pkg']
[0.908s] Level 1:colcon.colcon_core.package_identification:_identify(src/turtlebot3_simulations/turtlebot3_gazebo) by extension 'colcon_pkg'
[0.908s] Level 1:colcon.colcon_core.package_identification:_identify(src/turtlebot3_simulations/turtlebot3_gazebo) by extensions ['colcon_meta']
[0.908s] Level 1:colcon.colcon_core.package_identification:_identify(src/turtlebot3_simulations/turtlebot3_gazebo) by extension 'colcon_meta'
[0.909s] Level 1:colcon.colcon_core.package_identification:_identify(src/turtlebot3_simulations/turtlebot3_gazebo) by extensions ['ros']
[0.909s] Level 1:colcon.colcon_core.package_identification:_identify(src/turtlebot3_simulations/turtlebot3_gazebo) by extension 'ros'
[0.911s] DEBUG:colcon.colcon_core.package_identification:Package 'src/turtlebot3_simulations/turtlebot3_gazebo' with type 'ros.ament_cmake' and name 'turtlebot3_gazebo'
[0.912s] Level 1:colcon.colcon_core.package_identification:_identify(src/turtlebot3_simulations/turtlebot3_simulations) by extensions ['ignore', 'ignore_ament_install']
[0.912s] Level 1:colcon.colcon_core.package_identification:_identify(src/turtlebot3_simulations/turtlebot3_simulations) by extension 'ignore'
[0.912s] Level 1:colcon.colcon_core.package_identification:_identify(src/turtlebot3_simulations/turtlebot3_simulations) by extension 'ignore_ament_install'
[0.912s] Level 1:colcon.colcon_core.package_identification:_identify(src/turtlebot3_simulations/turtlebot3_simulations) by extensions ['colcon_pkg']
[0.912s] Level 1:colcon.colcon_core.package_identification:_identify(src/turtlebot3_simulations/turtlebot3_simulations) by extension 'colcon_pkg'
[0.912s] Level 1:colcon.colcon_core.package_identification:_identify(src/turtlebot3_simulations/turtlebot3_simulations) by extensions ['colcon_meta']
[0.912s] Level 1:colcon.colcon_core.package_identification:_identify(src/turtlebot3_simulations/turtlebot3_simulations) by extension 'colcon_meta'
[0.915s] Level 1:colcon.colcon_core.package_identification:_identify(src/turtlebot3_simulations/turtlebot3_simulations) by extensions ['ros']
[0.915s] Level 1:colcon.colcon_core.package_identification:_identify(src/turtlebot3_simulations/turtlebot3_simulations) by extension 'ros'
[0.920s] DEBUG:colcon.colcon_core.package_identification:Package 'src/turtlebot3_simulations/turtlebot3_simulations' with type 'ros.ament_cmake' and name 'turtlebot3_simulations'
[0.920s] Level 1:colcon.colcon_core.package_identification:_identify(turtlebot3_simulations) by extensions ['ignore', 'ignore_ament_install']
[0.920s] Level 1:colcon.colcon_core.package_identification:_identify(turtlebot3_simulations) by extension 'ignore'
[0.921s] Level 1:colcon.colcon_core.package_identification:_identify(turtlebot3_simulations) by extension 'ignore_ament_install'
[0.921s] Level 1:colcon.colcon_core.package_identification:_identify(turtlebot3_simulations) by extensions ['colcon_pkg']
[0.921s] Level 1:colcon.colcon_core.package_identification:_identify(turtlebot3_simulations) by extension 'colcon_pkg'
[0.921s] Level 1:colcon.colcon_core.package_identification:_identify(turtlebot3_simulations) by extensions ['colcon_meta']
[0.921s] Level 1:colcon.colcon_core.package_identification:_identify(turtlebot3_simulations) by extension 'colcon_meta'
[0.921s] Level 1:colcon.colcon_core.package_identification:_identify(turtlebot3_simulations) by extensions ['ros']
[0.921s] Level 1:colcon.colcon_core.package_identification:_identify(turtlebot3_simulations) by extension 'ros'
[0.922s] Level 1:colcon.colcon_core.package_identification:_identify(turtlebot3_simulations) by extensions ['cmake', 'python']
[0.922s] Level 1:colcon.colcon_core.package_identification:_identify(turtlebot3_simulations) by extension 'cmake'
[0.922s] Level 1:colcon.colcon_core.package_identification:_identify(turtlebot3_simulations) by extension 'python'
[0.922s] Level 1:colcon.colcon_core.package_identification:_identify(turtlebot3_simulations) by extensions ['python_setup_py']
[0.922s] Level 1:colcon.colcon_core.package_identification:_identify(turtlebot3_simulations) by extension 'python_setup_py'
[0.922s] Level 1:colcon.colcon_core.package_identification:_identify(turtlebot3_simulations/turtlebot3_fake_node) by extensions ['ignore', 'ignore_ament_install']
[0.922s] Level 1:colcon.colcon_core.package_identification:_identify(turtlebot3_simulations/turtlebot3_fake_node) by extension 'ignore'
[0.923s] Level 1:colcon.colcon_core.package_identification:_identify(turtlebot3_simulations/turtlebot3_fake_node) by extension 'ignore_ament_install'
[0.923s] Level 1:colcon.colcon_core.package_identification:_identify(turtlebot3_simulations/turtlebot3_fake_node) by extensions ['colcon_pkg']
[0.923s] Level 1:colcon.colcon_core.package_identification:_identify(turtlebot3_simulations/turtlebot3_fake_node) by extension 'colcon_pkg'
[0.923s] Level 1:colcon.colcon_core.package_identification:_identify(turtlebot3_simulations/turtlebot3_fake_node) by extensions ['colcon_meta']
[0.923s] Level 1:colcon.colcon_core.package_identification:_identify(turtlebot3_simulations/turtlebot3_fake_node) by extension 'colcon_meta'
[0.923s] Level 1:colcon.colcon_core.package_identification:_identify(turtlebot3_simulations/turtlebot3_fake_node) by extensions ['ros']
[0.923s] Level 1:colcon.colcon_core.package_identification:_identify(turtlebot3_simulations/turtlebot3_fake_node) by extension 'ros'
[0.927s] DEBUG:colcon.colcon_core.package_identification:Package 'turtlebot3_simulations/turtlebot3_fake_node' with type 'ros.ament_cmake' and name 'turtlebot3_fake_node'
[0.928s] Level 1:colcon.colcon_core.package_identification:_identify(turtlebot3_simulations/turtlebot3_gazebo) by extensions ['ignore', 'ignore_ament_install']
[0.928s] Level 1:colcon.colcon_core.package_identification:_identify(turtlebot3_simulations/turtlebot3_gazebo) by extension 'ignore'
[0.928s] Level 1:colcon.colcon_core.package_identification:_identify(turtlebot3_simulations/turtlebot3_gazebo) by extension 'ignore_ament_install'
[0.928s] Level 1:colcon.colcon_core.package_identification:_identify(turtlebot3_simulations/turtlebot3_gazebo) by extensions ['colcon_pkg']
[0.928s] Level 1:colcon.colcon_core.package_identification:_identify(turtlebot3_simulations/turtlebot3_gazebo) by extension 'colcon_pkg'
[0.928s] Level 1:colcon.colcon_core.package_identification:_identify(turtlebot3_simulations/turtlebot3_gazebo) by extensions ['colcon_meta']
[0.929s] Level 1:colcon.colcon_core.package_identification:_identify(turtlebot3_simulations/turtlebot3_gazebo) by extension 'colcon_meta'
[0.929s] Level 1:colcon.colcon_core.package_identification:_identify(turtlebot3_simulations/turtlebot3_gazebo) by extensions ['ros']
[0.929s] Level 1:colcon.colcon_core.package_identification:_identify(turtlebot3_simulations/turtlebot3_gazebo) by extension 'ros'
[0.946s] DEBUG:colcon.colcon_core.package_identification:Package 'turtlebot3_simulations/turtlebot3_gazebo' with type 'ros.ament_cmake' and name 'turtlebot3_gazebo'
[0.947s] Level 1:colcon.colcon_core.package_identification:_identify(turtlebot3_simulations/turtlebot3_simulations) by extensions ['ignore', 'ignore_ament_install']
[0.948s] Level 1:colcon.colcon_core.package_identification:_identify(turtlebot3_simulations/turtlebot3_simulations) by extension 'ignore'
[0.948s] Level 1:colcon.colcon_core.package_identification:_identify(turtlebot3_simulations/turtlebot3_simulations) by extension 'ignore_ament_install'
[0.948s] Level 1:colcon.colcon_core.package_identification:_identify(turtlebot3_simulations/turtlebot3_simulations) by extensions ['colcon_pkg']
[0.948s] Level 1:colcon.colcon_core.package_identification:_identify(turtlebot3_simulations/turtlebot3_simulations) by extension 'colcon_pkg'
[0.948s] Level 1:colcon.colcon_core.package_identification:_identify(turtlebot3_simulations/turtlebot3_simulations) by extensions ['colcon_meta']
[0.949s] Level 1:colcon.colcon_core.package_identification:_identify(turtlebot3_simulations/turtlebot3_simulations) by extension 'colcon_meta'
[0.949s] Level 1:colcon.colcon_core.package_identification:_identify(turtlebot3_simulations/turtlebot3_simulations) by extensions ['ros']
[0.949s] Level 1:colcon.colcon_core.package_identification:_identify(turtlebot3_simulations/turtlebot3_simulations) by extension 'ros'
[0.951s] DEBUG:colcon.colcon_core.package_identification:Package 'turtlebot3_simulations/turtlebot3_simulations' with type 'ros.ament_cmake' and name 'turtlebot3_simulations'
[0.952s] Level 1:colcon.colcon_core.package_discovery:discover_packages(recursive) using defaults
[0.952s] Level 1:colcon.colcon_core.package_discovery:discover_packages(ignore) discover
[0.952s] Level 1:colcon.colcon_core.package_discovery:discover_packages(ignore) using defaults
[0.952s] Level 1:colcon.colcon_core.package_discovery:discover_packages(path) discover
[0.952s] Level 1:colcon.colcon_core.package_discovery:discover_packages(path) using defaults
[1.052s] Level 1:colcon.colcon_core.package_discovery:discover_packages(prefix_path) check parameters
[1.053s] Level 1:colcon.colcon_core.package_discovery:discover_packages(prefix_path) discover
[1.062s] DEBUG:colcon.colcon_installed_package_information.package_discovery:Found 3 installed packages in /home/pdy/kdta_ws/install
[1.067s] DEBUG:colcon.colcon_installed_package_information.package_discovery:Found 373 installed packages in /opt/ros/humble
[1.071s] Level 1:colcon.colcon_core.package_discovery:discover_packages(prefix_path) using defaults
[1.178s] ERROR:colcon:colcon build: Duplicate package names not supported:
- turtlebot3_fake_node:
  - src/turtlebot3_simulations/turtlebot3_fake_node
  - turtlebot3_simulations/turtlebot3_fake_node
- turtlebot3_gazebo:
  - src/turtlebot3_simulations/turtlebot3_gazebo
  - turtlebot3_simulations/turtlebot3_gazebo
- turtlebot3_simulations:
  - src/turtlebot3_simulations/turtlebot3_simulations
  - turtlebot3_simulations/turtlebot3_simulations
