[0.048s] Invoking command in '/home/pdy/kdta_ws/build/simple_pkg_cpp': CMAKE_PREFIX_PATH=/opt/ros/humble /usr/bin/cmake /home/pdy/kdta_ws/src/simple_pkg_cpp -DAMENT_CMAKE_SYMLINK_INSTALL=1 -DCMAKE_INSTALL_PREFIX=/home/pdy/kdta_ws/install/simple_pkg_cpp
[0.455s] -- The C compiler identification is GNU 11.4.0
[0.920s] -- The CXX compiler identification is GNU 11.4.0
[0.973s] -- Detecting C compiler ABI info
[1.294s] -- Detecting C compiler ABI info - done
[1.319s] -- Check for working C compiler: /usr/bin/cc - skipped
[1.321s] -- Detecting C compile features
[1.323s] -- Detecting C compile features - done
[1.335s] -- Detecting CXX compiler ABI info
[1.619s] -- Detecting CXX compiler ABI info - done
[1.649s] -- Check for working CXX compiler: /usr/bin/c++ - skipped
[1.651s] -- Detecting CXX compile features
[1.652s] -- Detecting CXX compile features - done
[1.694s] -- Found ament_cmake: 1.3.9 (/opt/ros/humble/share/ament_cmake/cmake)
[2.180s] -- Found Python3: /usr/bin/python3 (found version "3.10.12") found components: Interpreter 
[2.478s] -- Override CMake install command with custom implementation using symlinks instead of copying resources
[2.697s] -- Found rclcpp: 16.0.9 (/opt/ros/humble/share/rclcpp/cmake)
[2.964s] -- Found rosidl_generator_c: 3.1.5 (/opt/ros/humble/share/rosidl_generator_c/cmake)
[2.978s] -- Found rosidl_adapter: 3.1.5 (/opt/ros/humble/share/rosidl_adapter/cmake)
[3.026s] -- Found rosidl_generator_cpp: 3.1.5 (/opt/ros/humble/share/rosidl_generator_cpp/cmake)
[3.063s] -- Using all available rosidl_typesupport_c: rosidl_typesupport_fastrtps_c;rosidl_typesupport_introspection_c
[3.143s] -- Using all available rosidl_typesupport_cpp: rosidl_typesupport_fastrtps_cpp;rosidl_typesupport_introspection_cpp
[3.357s] -- Found rmw_implementation_cmake: 6.1.2 (/opt/ros/humble/share/rmw_implementation_cmake/cmake)
[3.363s] -- Found rmw_fastrtps_cpp: 6.2.6 (/opt/ros/humble/share/rmw_fastrtps_cpp/cmake)
[3.792s] -- Found OpenSSL: /usr/lib/x86_64-linux-gnu/libcrypto.so (found version "3.0.2")  
[3.882s] -- Found FastRTPS: /opt/ros/humble/include  
[4.013s] -- Using RMW implementation 'rmw_fastrtps_cpp' as default
[4.061s] -- Looking for pthread.h
[4.311s] -- Looking for pthread.h - found
[4.312s] -- Performing Test CMAKE_HAVE_LIBC_PTHREAD
[4.542s] -- Performing Test CMAKE_HAVE_LIBC_PTHREAD - Success
[4.546s] -- Found Threads: TRUE  
[5.153s] -- Found OpenCV: /usr (found version "4.5.4") 
[5.155s] [31mCMake Error at /opt/ros/humble/share/ament_cmake_core/cmake/symlink_install/ament_cmake_symlink_install_targets.cmake:67 (message):
[5.155s]   ament_cmake_symlink_install_targets() 'helloOpneCV' is not a target
[5.155s] Call Stack (most recent call first):
[5.155s]   /opt/ros/humble/share/ament_cmake_core/cmake/symlink_install/install.cmake:37 (ament_cmake_symlink_install_targets)
[5.156s]   CMakeLists.txt:21 (install)
[5.156s] 
[5.156s] [0m
[5.157s] -- Configuring incomplete, errors occurred!
[5.157s] See also "/home/pdy/kdta_ws/build/simple_pkg_cpp/CMakeFiles/CMakeOutput.log".
[5.188s] Invoked command in '/home/pdy/kdta_ws/build/simple_pkg_cpp' returned '1': CMAKE_PREFIX_PATH=/opt/ros/humble /usr/bin/cmake /home/pdy/kdta_ws/src/simple_pkg_cpp -DAMENT_CMAKE_SYMLINK_INSTALL=1 -DCMAKE_INSTALL_PREFIX=/home/pdy/kdta_ws/install/simple_pkg_cpp
