[0.053s] Invoking command in '/home/pdy/kdta_ws/build/simple_pkg_cpp': CMAKE_PREFIX_PATH=/opt/ros/humble /usr/bin/cmake --build /home/pdy/kdta_ws/build/simple_pkg_cpp -- -j2 -l2
[0.257s] [35m[1mConsolidate compiler generated dependencies of target helloOpenCV[0m
[0.321s] [ 50%] Built target helloworld
[0.346s] [100%] Built target helloOpenCV
[0.404s] Invoked command in '/home/pdy/kdta_ws/build/simple_pkg_cpp' returned '0': CMAKE_PREFIX_PATH=/opt/ros/humble /usr/bin/cmake --build /home/pdy/kdta_ws/build/simple_pkg_cpp -- -j2 -l2
[0.536s] Invoking command in '/home/pdy/kdta_ws/build/simple_pkg_cpp': CMAKE_PREFIX_PATH=/opt/ros/humble /usr/bin/cmake --install /home/pdy/kdta_ws/build/simple_pkg_cpp
[0.564s] -- Install configuration: ""
[0.568s] -- Execute custom install script
[0.569s] -- Up-to-date symlink: /home/pdy/kdta_ws/install/simple_pkg_cpp/lib/simple_pkg_cpp/helloworld
[0.573s] -- Up-to-date symlink: /home/pdy/kdta_ws/install/simple_pkg_cpp/lib/simple_pkg_cpp/helloOpenCV
[0.574s] -- Up-to-date symlink: /home/pdy/kdta_ws/install/simple_pkg_cpp/share/ament_index/resource_index/package_run_dependencies/simple_pkg_cpp
[0.575s] -- Up-to-date symlink: /home/pdy/kdta_ws/install/simple_pkg_cpp/share/ament_index/resource_index/parent_prefix_path/simple_pkg_cpp
[0.576s] -- Up-to-date symlink: /home/pdy/kdta_ws/install/simple_pkg_cpp/share/simple_pkg_cpp/environment/ament_prefix_path.sh
[0.576s] -- Up-to-date symlink: /home/pdy/kdta_ws/install/simple_pkg_cpp/share/simple_pkg_cpp/environment/ament_prefix_path.dsv
[0.577s] -- Up-to-date symlink: /home/pdy/kdta_ws/install/simple_pkg_cpp/share/simple_pkg_cpp/environment/path.sh
[0.578s] -- Up-to-date symlink: /home/pdy/kdta_ws/install/simple_pkg_cpp/share/simple_pkg_cpp/environment/path.dsv
[0.583s] -- Up-to-date symlink: /home/pdy/kdta_ws/install/simple_pkg_cpp/share/simple_pkg_cpp/local_setup.bash
[0.584s] -- Up-to-date symlink: /home/pdy/kdta_ws/install/simple_pkg_cpp/share/simple_pkg_cpp/local_setup.sh
[0.585s] -- Up-to-date symlink: /home/pdy/kdta_ws/install/simple_pkg_cpp/share/simple_pkg_cpp/local_setup.zsh
[0.585s] -- Up-to-date symlink: /home/pdy/kdta_ws/install/simple_pkg_cpp/share/simple_pkg_cpp/local_setup.dsv
[0.587s] -- Symlinking: /home/pdy/kdta_ws/install/simple_pkg_cpp/share/simple_pkg_cpp/package.dsv
[0.644s] -- Up-to-date symlink: /home/pdy/kdta_ws/install/simple_pkg_cpp/share/ament_index/resource_index/packages/simple_pkg_cpp
[0.645s] -- Up-to-date symlink: /home/pdy/kdta_ws/install/simple_pkg_cpp/share/simple_pkg_cpp/cmake/simple_pkg_cppConfig.cmake
[0.645s] -- Up-to-date symlink: /home/pdy/kdta_ws/install/simple_pkg_cpp/share/simple_pkg_cpp/cmake/simple_pkg_cppConfig-version.cmake
[0.645s] -- Up-to-date symlink: /home/pdy/kdta_ws/install/simple_pkg_cpp/share/simple_pkg_cpp/package.xml
[0.655s] Invoked command in '/home/pdy/kdta_ws/build/simple_pkg_cpp' returned '0': CMAKE_PREFIX_PATH=/opt/ros/humble /usr/bin/cmake --install /home/pdy/kdta_ws/build/simple_pkg_cpp
