[1.190s] DEBUG:colcon:Command line arguments: ['/usr/bin/colcon', 'build', '--symlink-install']
[1.190s] DEBUG:colcon:Parsed command line arguments: Namespace(log_base=None, log_level=None, verb_name='build', build_base='build', install_base='install', merge_install=False, symlink_install=True, test_result_base=None, continue_on_error=False, executor='parallel', parallel_workers=2, event_handlers=None, ignore_user_meta=False, metas=['./colcon.meta'], base_paths=['.'], packages_ignore=None, packages_ignore_regex=None, paths=None, packages_up_to=None, packages_up_to_regex=None, packages_above=None, packages_above_and_dependencies=None, packages_above_depth=None, packages_select_by_dep=None, packages_skip_by_dep=None, packages_skip_up_to=None, packages_select_build_failed=False, packages_skip_build_finished=False, packages_select_test_failures=False, packages_skip_test_passed=False, packages_select=None, packages_skip=None, packages_select_regex=None, packages_skip_regex=None, packages_start=None, packages_end=None, allow_overriding=[], cmake_args=None, cmake_target=None, cmake_target_skip_unavailable=False, cmake_clean_cache=False, cmake_clean_first=False, cmake_force_configure=False, ament_cmake_args=None, catkin_cmake_args=None, catkin_skip_building_tests=False, mixin_files=None, mixin=None, verb_parser=<colcon_mixin.mixin.mixin_argument.MixinArgumentDecorator object at 0x7c3994835ae0>, verb_extension=<colcon_core.verb.build.BuildVerb object at 0x7c399493e2c0>, main=<bound method BuildVerb.main of <colcon_core.verb.build.BuildVerb object at 0x7c399493e2c0>>, mixin_verb=('build',))
[2.362s] Level 1:colcon.colcon_core.package_discovery:discover_packages(colcon_meta) check parameters
[2.362s] Level 1:colcon.colcon_core.package_discovery:discover_packages(recursive) check parameters
[2.362s] Level 1:colcon.colcon_core.package_discovery:discover_packages(ignore) check parameters
[2.362s] Level 1:colcon.colcon_core.package_discovery:discover_packages(path) check parameters
[2.362s] Level 1:colcon.colcon_core.package_discovery:discover_packages(colcon_meta) discover
[2.363s] Level 1:colcon.colcon_core.package_discovery:discover_packages(recursive) discover
[2.363s] INFO:colcon.colcon_core.package_discovery:Crawling recursively for packages in '/home/pdy/kdta_ws'
[2.363s] Level 1:colcon.colcon_core.package_identification:_identify(.) by extensions ['ignore', 'ignore_ament_install']
[2.363s] Level 1:colcon.colcon_core.package_identification:_identify(.) by extension 'ignore'
[2.363s] Level 1:colcon.colcon_core.package_identification:_identify(.) by extension 'ignore_ament_install'
[2.364s] Level 1:colcon.colcon_core.package_identification:_identify(.) by extensions ['colcon_pkg']
[2.364s] Level 1:colcon.colcon_core.package_identification:_identify(.) by extension 'colcon_pkg'
[2.364s] Level 1:colcon.colcon_core.package_identification:_identify(.) by extensions ['colcon_meta']
[2.364s] Level 1:colcon.colcon_core.package_identification:_identify(.) by extension 'colcon_meta'
[2.364s] Level 1:colcon.colcon_core.package_identification:_identify(.) by extensions ['ros']
[2.364s] Level 1:colcon.colcon_core.package_identification:_identify(.) by extension 'ros'
[2.454s] Level 1:colcon.colcon_core.package_identification:_identify(.) by extensions ['cmake', 'python']
[2.454s] Level 1:colcon.colcon_core.package_identification:_identify(.) by extension 'cmake'
[2.455s] Level 1:colcon.colcon_core.package_identification:_identify(.) by extension 'python'
[2.456s] Level 1:colcon.colcon_core.package_identification:_identify(.) by extensions ['python_setup_py']
[2.456s] Level 1:colcon.colcon_core.package_identification:_identify(.) by extension 'python_setup_py'
[2.457s] Level 1:colcon.colcon_core.package_identification:_identify(build) by extensions ['ignore', 'ignore_ament_install']
[2.458s] Level 1:colcon.colcon_core.package_identification:_identify(build) by extension 'ignore'
[2.458s] Level 1:colcon.colcon_core.package_identification:_identify(build) ignored
[2.460s] Level 1:colcon.colcon_core.package_identification:_identify(install) by extensions ['ignore', 'ignore_ament_install']
[2.460s] Level 1:colcon.colcon_core.package_identification:_identify(install) by extension 'ignore'
[2.460s] Level 1:colcon.colcon_core.package_identification:_identify(install) ignored
[2.460s] Level 1:colcon.colcon_core.package_identification:_identify(log) by extensions ['ignore', 'ignore_ament_install']
[2.460s] Level 1:colcon.colcon_core.package_identification:_identify(log) by extension 'ignore'
[2.460s] Level 1:colcon.colcon_core.package_identification:_identify(log) ignored
[2.461s] Level 1:colcon.colcon_core.package_identification:_identify(src) by extensions ['ignore', 'ignore_ament_install']
[2.461s] Level 1:colcon.colcon_core.package_identification:_identify(src) by extension 'ignore'
[2.461s] Level 1:colcon.colcon_core.package_identification:_identify(src) by extension 'ignore_ament_install'
[2.461s] Level 1:colcon.colcon_core.package_identification:_identify(src) by extensions ['colcon_pkg']
[2.461s] Level 1:colcon.colcon_core.package_identification:_identify(src) by extension 'colcon_pkg'
[2.461s] Level 1:colcon.colcon_core.package_identification:_identify(src) by extensions ['colcon_meta']
[2.461s] Level 1:colcon.colcon_core.package_identification:_identify(src) by extension 'colcon_meta'
[2.461s] Level 1:colcon.colcon_core.package_identification:_identify(src) by extensions ['ros']
[2.461s] Level 1:colcon.colcon_core.package_identification:_identify(src) by extension 'ros'
[2.461s] Level 1:colcon.colcon_core.package_identification:_identify(src) by extensions ['cmake', 'python']
[2.462s] Level 1:colcon.colcon_core.package_identification:_identify(src) by extension 'cmake'
[2.462s] Level 1:colcon.colcon_core.package_identification:_identify(src) by extension 'python'
[2.462s] Level 1:colcon.colcon_core.package_identification:_identify(src) by extensions ['python_setup_py']
[2.462s] Level 1:colcon.colcon_core.package_identification:_identify(src) by extension 'python_setup_py'
[2.462s] Level 1:colcon.colcon_core.package_identification:_identify(src/simple_pkg_cpp) by extensions ['ignore', 'ignore_ament_install']
[2.462s] Level 1:colcon.colcon_core.package_identification:_identify(src/simple_pkg_cpp) by extension 'ignore'
[2.462s] Level 1:colcon.colcon_core.package_identification:_identify(src/simple_pkg_cpp) by extension 'ignore_ament_install'
[2.462s] Level 1:colcon.colcon_core.package_identification:_identify(src/simple_pkg_cpp) by extensions ['colcon_pkg']
[2.462s] Level 1:colcon.colcon_core.package_identification:_identify(src/simple_pkg_cpp) by extension 'colcon_pkg'
[2.462s] Level 1:colcon.colcon_core.package_identification:_identify(src/simple_pkg_cpp) by extensions ['colcon_meta']
[2.462s] Level 1:colcon.colcon_core.package_identification:_identify(src/simple_pkg_cpp) by extension 'colcon_meta'
[2.462s] Level 1:colcon.colcon_core.package_identification:_identify(src/simple_pkg_cpp) by extensions ['ros']
[2.462s] Level 1:colcon.colcon_core.package_identification:_identify(src/simple_pkg_cpp) by extension 'ros'
[2.474s] DEBUG:colcon.colcon_core.package_identification:Package 'src/simple_pkg_cpp' with type 'ros.ament_cmake' and name 'simple_pkg_cpp'
[2.475s] Level 1:colcon.colcon_core.package_discovery:discover_packages(recursive) using defaults
[2.475s] Level 1:colcon.colcon_core.package_discovery:discover_packages(ignore) discover
[2.475s] Level 1:colcon.colcon_core.package_discovery:discover_packages(ignore) using defaults
[2.475s] Level 1:colcon.colcon_core.package_discovery:discover_packages(path) discover
[2.476s] Level 1:colcon.colcon_core.package_discovery:discover_packages(path) using defaults
[2.534s] Level 1:colcon.colcon_core.package_discovery:discover_packages(prefix_path) check parameters
[2.534s] Level 1:colcon.colcon_core.package_discovery:discover_packages(prefix_path) discover
[2.542s] DEBUG:colcon.colcon_installed_package_information.package_discovery:Found 1 installed packages in /home/pdy/kdta_ws/install
[2.546s] DEBUG:colcon.colcon_installed_package_information.package_discovery:Found 270 installed packages in /opt/ros/humble
[2.550s] Level 1:colcon.colcon_core.package_discovery:discover_packages(prefix_path) using defaults
[2.746s] Level 5:colcon.colcon_core.verb:set package 'simple_pkg_cpp' build argument 'cmake_args' from command line to 'None'
[2.746s] Level 5:colcon.colcon_core.verb:set package 'simple_pkg_cpp' build argument 'cmake_target' from command line to 'None'
[2.747s] Level 5:colcon.colcon_core.verb:set package 'simple_pkg_cpp' build argument 'cmake_target_skip_unavailable' from command line to 'False'
[2.747s] Level 5:colcon.colcon_core.verb:set package 'simple_pkg_cpp' build argument 'cmake_clean_cache' from command line to 'False'
[2.747s] Level 5:colcon.colcon_core.verb:set package 'simple_pkg_cpp' build argument 'cmake_clean_first' from command line to 'False'
[2.748s] Level 5:colcon.colcon_core.verb:set package 'simple_pkg_cpp' build argument 'cmake_force_configure' from command line to 'False'
[2.748s] Level 5:colcon.colcon_core.verb:set package 'simple_pkg_cpp' build argument 'ament_cmake_args' from command line to 'None'
[2.748s] Level 5:colcon.colcon_core.verb:set package 'simple_pkg_cpp' build argument 'catkin_cmake_args' from command line to 'None'
[2.749s] Level 5:colcon.colcon_core.verb:set package 'simple_pkg_cpp' build argument 'catkin_skip_building_tests' from command line to 'False'
[2.749s] DEBUG:colcon.colcon_core.verb:Building package 'simple_pkg_cpp' with the following arguments: {'ament_cmake_args': None, 'build_base': '/home/pdy/kdta_ws/build/simple_pkg_cpp', 'catkin_cmake_args': None, 'catkin_skip_building_tests': False, 'cmake_args': None, 'cmake_clean_cache': False, 'cmake_clean_first': False, 'cmake_force_configure': False, 'cmake_target': None, 'cmake_target_skip_unavailable': False, 'install_base': '/home/pdy/kdta_ws/install/simple_pkg_cpp', 'merge_install': False, 'path': '/home/pdy/kdta_ws/src/simple_pkg_cpp', 'symlink_install': True, 'test_result_base': None}
[2.750s] INFO:colcon.colcon_core.executor:Executing jobs using 'parallel' executor
[2.753s] DEBUG:colcon.colcon_parallel_executor.executor.parallel:run_until_complete
[2.754s] INFO:colcon.colcon_ros.task.ament_cmake.build:Building ROS package in '/home/pdy/kdta_ws/src/simple_pkg_cpp' with build type 'ament_cmake'
[2.755s] INFO:colcon.colcon_cmake.task.cmake.build:Building CMake package in '/home/pdy/kdta_ws/src/simple_pkg_cpp'
[2.771s] INFO:colcon.colcon_core.plugin_system:Skipping extension 'colcon_core.shell.bat': Not used on non-Windows systems
[2.772s] INFO:colcon.colcon_core.shell:Skip shell extension 'powershell' for command environment: Not usable outside of PowerShell
[2.772s] DEBUG:colcon.colcon_core.shell:Skip shell extension 'dsv' for command environment
[2.830s] DEBUG:colcon.colcon_core.event_handler.log_command:Invoking command in '/home/pdy/kdta_ws/build/simple_pkg_cpp': CMAKE_PREFIX_PATH=${CMAKE_PREFIX_PATH}:/opt/ros/humble /usr/bin/cmake --build /home/pdy/kdta_ws/build/simple_pkg_cpp -- -j2 -l2
[19.736s] DEBUG:colcon.colcon_core.event_handler.log_command:Invoked command in '/home/pdy/kdta_ws/build/simple_pkg_cpp' returned '0': CMAKE_PREFIX_PATH=${CMAKE_PREFIX_PATH}:/opt/ros/humble /usr/bin/cmake --build /home/pdy/kdta_ws/build/simple_pkg_cpp -- -j2 -l2
[19.909s] DEBUG:colcon.colcon_core.event_handler.log_command:Invoking command in '/home/pdy/kdta_ws/build/simple_pkg_cpp': CMAKE_PREFIX_PATH=${CMAKE_PREFIX_PATH}:/opt/ros/humble /usr/bin/cmake --install /home/pdy/kdta_ws/build/simple_pkg_cpp
[20.026s] Level 1:colcon.colcon_core.environment:create_environment_scripts_only(simple_pkg_cpp)
[20.029s] DEBUG:colcon.colcon_core.event_handler.log_command:Invoked command in '/home/pdy/kdta_ws/build/simple_pkg_cpp' returned '0': CMAKE_PREFIX_PATH=${CMAKE_PREFIX_PATH}:/opt/ros/humble /usr/bin/cmake --install /home/pdy/kdta_ws/build/simple_pkg_cpp
[20.052s] Level 1:colcon.colcon_core.environment:checking '/home/pdy/kdta_ws/install/simple_pkg_cpp' for CMake module files
[20.054s] Level 1:colcon.colcon_core.environment:checking '/home/pdy/kdta_ws/install/simple_pkg_cpp' for CMake config files
[20.055s] Level 1:colcon.colcon_core.shell:create_environment_hook('simple_pkg_cpp', 'cmake_prefix_path')
[20.058s] INFO:colcon.colcon_core.shell:Creating environment hook '/home/pdy/kdta_ws/install/simple_pkg_cpp/share/simple_pkg_cpp/hook/cmake_prefix_path.ps1'
[20.060s] INFO:colcon.colcon_core.shell:Creating environment descriptor '/home/pdy/kdta_ws/install/simple_pkg_cpp/share/simple_pkg_cpp/hook/cmake_prefix_path.dsv'
[20.063s] INFO:colcon.colcon_core.shell:Creating environment hook '/home/pdy/kdta_ws/install/simple_pkg_cpp/share/simple_pkg_cpp/hook/cmake_prefix_path.sh'
[20.069s] Level 1:colcon.colcon_core.environment:checking '/home/pdy/kdta_ws/install/simple_pkg_cpp/lib'
[20.069s] Level 1:colcon.colcon_core.environment:checking '/home/pdy/kdta_ws/install/simple_pkg_cpp/bin'
[20.070s] Level 1:colcon.colcon_core.environment:checking '/home/pdy/kdta_ws/install/simple_pkg_cpp/lib/pkgconfig/simple_pkg_cpp.pc'
[20.070s] Level 1:colcon.colcon_core.environment:checking '/home/pdy/kdta_ws/install/simple_pkg_cpp/lib/python3.10/site-packages'
[20.071s] Level 1:colcon.colcon_core.environment:checking '/home/pdy/kdta_ws/install/simple_pkg_cpp/bin'
[20.074s] INFO:colcon.colcon_core.shell:Creating package script '/home/pdy/kdta_ws/install/simple_pkg_cpp/share/simple_pkg_cpp/package.ps1'
[20.081s] INFO:colcon.colcon_core.shell:Creating package descriptor '/home/pdy/kdta_ws/install/simple_pkg_cpp/share/simple_pkg_cpp/package.dsv'
[20.086s] INFO:colcon.colcon_core.shell:Creating package script '/home/pdy/kdta_ws/install/simple_pkg_cpp/share/simple_pkg_cpp/package.sh'
[20.089s] INFO:colcon.colcon_core.shell:Creating package script '/home/pdy/kdta_ws/install/simple_pkg_cpp/share/simple_pkg_cpp/package.bash'
[20.095s] INFO:colcon.colcon_core.shell:Creating package script '/home/pdy/kdta_ws/install/simple_pkg_cpp/share/simple_pkg_cpp/package.zsh'
[20.099s] Level 1:colcon.colcon_core.environment:create_file_with_runtime_dependencies(/home/pdy/kdta_ws/install/simple_pkg_cpp/share/colcon-core/packages/simple_pkg_cpp)
[20.230s] Level 1:colcon.colcon_core.environment:create_environment_scripts_only(simple_pkg_cpp)
[20.230s] Level 1:colcon.colcon_core.environment:checking '/home/pdy/kdta_ws/install/simple_pkg_cpp' for CMake module files
[20.232s] Level 1:colcon.colcon_core.environment:checking '/home/pdy/kdta_ws/install/simple_pkg_cpp' for CMake config files
[20.232s] Level 1:colcon.colcon_core.shell:create_environment_hook('simple_pkg_cpp', 'cmake_prefix_path')
[20.233s] INFO:colcon.colcon_core.shell:Creating environment hook '/home/pdy/kdta_ws/install/simple_pkg_cpp/share/simple_pkg_cpp/hook/cmake_prefix_path.ps1'
[20.234s] INFO:colcon.colcon_core.shell:Creating environment descriptor '/home/pdy/kdta_ws/install/simple_pkg_cpp/share/simple_pkg_cpp/hook/cmake_prefix_path.dsv'
[20.236s] INFO:colcon.colcon_core.shell:Creating environment hook '/home/pdy/kdta_ws/install/simple_pkg_cpp/share/simple_pkg_cpp/hook/cmake_prefix_path.sh'
[20.244s] Level 1:colcon.colcon_core.environment:checking '/home/pdy/kdta_ws/install/simple_pkg_cpp/lib'
[20.245s] Level 1:colcon.colcon_core.environment:checking '/home/pdy/kdta_ws/install/simple_pkg_cpp/bin'
[20.248s] Level 1:colcon.colcon_core.environment:checking '/home/pdy/kdta_ws/install/simple_pkg_cpp/lib/pkgconfig/simple_pkg_cpp.pc'
[20.249s] Level 1:colcon.colcon_core.environment:checking '/home/pdy/kdta_ws/install/simple_pkg_cpp/lib/python3.10/site-packages'
[20.249s] Level 1:colcon.colcon_core.environment:checking '/home/pdy/kdta_ws/install/simple_pkg_cpp/bin'
[20.250s] INFO:colcon.colcon_core.shell:Creating package script '/home/pdy/kdta_ws/install/simple_pkg_cpp/share/simple_pkg_cpp/package.ps1'
[20.252s] INFO:colcon.colcon_core.shell:Creating package descriptor '/home/pdy/kdta_ws/install/simple_pkg_cpp/share/simple_pkg_cpp/package.dsv'
[20.255s] INFO:colcon.colcon_core.shell:Creating package script '/home/pdy/kdta_ws/install/simple_pkg_cpp/share/simple_pkg_cpp/package.sh'
[20.264s] INFO:colcon.colcon_core.shell:Creating package script '/home/pdy/kdta_ws/install/simple_pkg_cpp/share/simple_pkg_cpp/package.bash'
[20.266s] INFO:colcon.colcon_core.shell:Creating package script '/home/pdy/kdta_ws/install/simple_pkg_cpp/share/simple_pkg_cpp/package.zsh'
[20.268s] Level 1:colcon.colcon_core.environment:create_file_with_runtime_dependencies(/home/pdy/kdta_ws/install/simple_pkg_cpp/share/colcon-core/packages/simple_pkg_cpp)
[20.269s] DEBUG:colcon.colcon_parallel_executor.executor.parallel:closing loop
[20.272s] DEBUG:colcon.colcon_parallel_executor.executor.parallel:loop closed
[20.273s] DEBUG:colcon.colcon_parallel_executor.executor.parallel:run_until_complete finished with '0'
[20.273s] DEBUG:colcon.colcon_core.event_reactor:joining thread
[20.331s] INFO:colcon.colcon_core.plugin_system:Skipping extension 'colcon_notification.desktop_notification.terminal_notifier': Not used on non-Darwin systems
[20.331s] INFO:colcon.colcon_core.plugin_system:Skipping extension 'colcon_notification.desktop_notification.win32': Not used on non-Windows systems
[20.331s] INFO:colcon.colcon_notification.desktop_notification:Sending desktop notification using 'notify2'
[20.422s] DEBUG:colcon.colcon_core.event_reactor:joined thread
[20.424s] INFO:colcon.colcon_core.shell:Creating prefix script '/home/pdy/kdta_ws/install/local_setup.ps1'
[20.428s] INFO:colcon.colcon_core.shell:Creating prefix util module '/home/pdy/kdta_ws/install/_local_setup_util_ps1.py'
[20.436s] INFO:colcon.colcon_core.shell:Creating prefix chain script '/home/pdy/kdta_ws/install/setup.ps1'
[20.442s] INFO:colcon.colcon_core.shell:Creating prefix script '/home/pdy/kdta_ws/install/local_setup.sh'
[20.446s] INFO:colcon.colcon_core.shell:Creating prefix util module '/home/pdy/kdta_ws/install/_local_setup_util_sh.py'
[20.448s] INFO:colcon.colcon_core.shell:Creating prefix chain script '/home/pdy/kdta_ws/install/setup.sh'
[20.458s] INFO:colcon.colcon_core.shell:Creating prefix script '/home/pdy/kdta_ws/install/local_setup.bash'
[20.460s] INFO:colcon.colcon_core.shell:Creating prefix chain script '/home/pdy/kdta_ws/install/setup.bash'
[20.465s] INFO:colcon.colcon_core.shell:Creating prefix script '/home/pdy/kdta_ws/install/local_setup.zsh'
[20.468s] INFO:colcon.colcon_core.shell:Creating prefix chain script '/home/pdy/kdta_ws/install/setup.zsh'
