[0.066s] Invoking command in '/home/pdy/kdta_ws/build/simple_pkg_cpp': CMAKE_PREFIX_PATH=${CMAKE_PREFIX_PATH}:/opt/ros/humble /usr/bin/cmake --build /home/pdy/kdta_ws/build/simple_pkg_cpp -- -j2 -l2
[0.452s] [ 33%] Built target helloworld
[0.550s] [ 66%] Built target helloOpenCV
[0.644s] [35m[1mConsolidate compiler generated dependencies of target hello_publisher[0m
[0.722s] [ 83%] [32mBuilding CXX object CMakeFiles/hello_publisher.dir/src/hello_publisher.cpp.o[0m
[17.251s] [100%] [32m[1mLinking CXX executable hello_publisher[0m
[18.011s] [100%] Built target hello_publisher
[18.052s] Invoked command in '/home/pdy/kdta_ws/build/simple_pkg_cpp' returned '0': CMAKE_PREFIX_PATH=${CMAKE_PREFIX_PATH}:/opt/ros/humble /usr/bin/cmake --build /home/pdy/kdta_ws/build/simple_pkg_cpp -- -j2 -l2
[18.216s] Invoking command in '/home/pdy/kdta_ws/build/simple_pkg_cpp': CMAKE_PREFIX_PATH=${CMAKE_PREFIX_PATH}:/opt/ros/humble /usr/bin/cmake --install /home/pdy/kdta_ws/build/simple_pkg_cpp
[18.247s] -- Install configuration: ""
[18.259s] -- Execute custom install script
[18.261s] -- Up-to-date symlink: /home/pdy/kdta_ws/install/simple_pkg_cpp/lib/simple_pkg_cpp/helloworld
[18.262s] -- Up-to-date symlink: /home/pdy/kdta_ws/install/simple_pkg_cpp/lib/simple_pkg_cpp/helloOpenCV
[18.263s] -- Up-to-date symlink: /home/pdy/kdta_ws/install/simple_pkg_cpp/share/ament_index/resource_index/package_run_dependencies/simple_pkg_cpp
[18.268s] -- Up-to-date symlink: /home/pdy/kdta_ws/install/simple_pkg_cpp/share/ament_index/resource_index/parent_prefix_path/simple_pkg_cpp
[18.269s] -- Up-to-date symlink: /home/pdy/kdta_ws/install/simple_pkg_cpp/share/simple_pkg_cpp/environment/ament_prefix_path.sh
[18.270s] -- Up-to-date symlink: /home/pdy/kdta_ws/install/simple_pkg_cpp/share/simple_pkg_cpp/environment/ament_prefix_path.dsv
[18.272s] -- Up-to-date symlink: /home/pdy/kdta_ws/install/simple_pkg_cpp/share/simple_pkg_cpp/environment/path.sh
[18.273s] -- Up-to-date symlink: /home/pdy/kdta_ws/install/simple_pkg_cpp/share/simple_pkg_cpp/environment/path.dsv
[18.274s] -- Up-to-date symlink: /home/pdy/kdta_ws/install/simple_pkg_cpp/share/simple_pkg_cpp/local_setup.bash
[18.275s] -- Up-to-date symlink: /home/pdy/kdta_ws/install/simple_pkg_cpp/share/simple_pkg_cpp/local_setup.sh
[18.280s] -- Up-to-date symlink: /home/pdy/kdta_ws/install/simple_pkg_cpp/share/simple_pkg_cpp/local_setup.zsh
[18.282s] -- Up-to-date symlink: /home/pdy/kdta_ws/install/simple_pkg_cpp/share/simple_pkg_cpp/local_setup.dsv
[18.282s] -- Symlinking: /home/pdy/kdta_ws/install/simple_pkg_cpp/share/simple_pkg_cpp/package.dsv
[18.329s] -- Up-to-date symlink: /home/pdy/kdta_ws/install/simple_pkg_cpp/share/ament_index/resource_index/packages/simple_pkg_cpp
[18.330s] -- Up-to-date symlink: /home/pdy/kdta_ws/install/simple_pkg_cpp/share/simple_pkg_cpp/cmake/simple_pkg_cppConfig.cmake
[18.331s] -- Up-to-date symlink: /home/pdy/kdta_ws/install/simple_pkg_cpp/share/simple_pkg_cpp/cmake/simple_pkg_cppConfig-version.cmake
[18.332s] -- Up-to-date symlink: /home/pdy/kdta_ws/install/simple_pkg_cpp/share/simple_pkg_cpp/package.xml
[18.342s] Invoked command in '/home/pdy/kdta_ws/build/simple_pkg_cpp' returned '0': CMAKE_PREFIX_PATH=${CMAKE_PREFIX_PATH}:/opt/ros/humble /usr/bin/cmake --install /home/pdy/kdta_ws/build/simple_pkg_cpp
