[0.041s] Invoking command in '/home/pdy/kdta_ws/build/simple_pkg_cpp': CMAKE_PREFIX_PATH=${CMAKE_PREFIX_PATH}:/opt/ros/humble /usr/bin/cmake --build /home/pdy/kdta_ws/build/simple_pkg_cpp -- -j2 -l2
[0.171s] -- Found ament_cmake: 1.3.9 (/opt/ros/humble/share/ament_cmake/cmake)
[0.591s] -- Override CMake install command with custom implementation using symlinks instead of copying resources
[0.682s] -- Found rclcpp: 16.0.9 (/opt/ros/humble/share/rclcpp/cmake)
[0.778s] -- Found rosidl_generator_c: 3.1.5 (/opt/ros/humble/share/rosidl_generator_c/cmake)
[0.785s] -- Found rosidl_adapter: 3.1.5 (/opt/ros/humble/share/rosidl_adapter/cmake)
[0.803s] -- Found rosidl_generator_cpp: 3.1.5 (/opt/ros/humble/share/rosidl_generator_cpp/cmake)
[0.833s] -- Using all available rosidl_typesupport_c: rosidl_typesupport_fastrtps_c;rosidl_typesupport_introspection_c
[0.894s] -- Using all available rosidl_typesupport_cpp: rosidl_typesupport_fastrtps_cpp;rosidl_typesupport_introspection_cpp
[1.116s] -- Found rmw_implementation_cmake: 6.1.2 (/opt/ros/humble/share/rmw_implementation_cmake/cmake)
[1.126s] -- Found rmw_fastrtps_cpp: 6.2.6 (/opt/ros/humble/share/rmw_fastrtps_cpp/cmake)
[1.465s] -- Using RMW implementation 'rmw_fastrtps_cpp' as default
[1.956s] [31mCMake Error at /opt/ros/humble/share/ament_cmake_core/cmake/symlink_install/ament_cmake_symlink_install_targets.cmake:67 (message):
[1.956s]   ament_cmake_symlink_install_targets() 'hello_publisher2' is not a target
[1.957s] Call Stack (most recent call first):
[1.957s]   /opt/ros/humble/share/ament_cmake_core/cmake/symlink_install/install.cmake:37 (ament_cmake_symlink_install_targets)
[1.957s]   CMakeLists.txt:24 (install)
[1.957s] 
[1.958s] [0m
[1.958s] -- Configuring incomplete, errors occurred!
[1.958s] See also "/home/pdy/kdta_ws/build/simple_pkg_cpp/CMakeFiles/CMakeOutput.log".
[1.996s] gmake: *** [Makefile:349: cmake_check_build_system] Error 1
[1.997s] Invoked command in '/home/pdy/kdta_ws/build/simple_pkg_cpp' returned '2': CMAKE_PREFIX_PATH=${CMAKE_PREFIX_PATH}:/opt/ros/humble /usr/bin/cmake --build /home/pdy/kdta_ws/build/simple_pkg_cpp -- -j2 -l2
