[0.078s] Invoking command in '/home/pdy/kdta_ws/build/simple_pkg_cpp': CMAKE_PREFIX_PATH=/opt/ros/humble /usr/bin/cmake /home/pdy/kdta_ws/src/simple_pkg_cpp -DAMENT_CMAKE_SYMLINK_INSTALL=1 -DCMAKE_INSTALL_PREFIX=/home/pdy/kdta_ws/install/simple_pkg_cpp
[0.158s] -- Found ament_cmake: 1.3.9 (/opt/ros/humble/share/ament_cmake/cmake)
[0.534s] -- Override CMake install command with custom implementation using symlinks instead of copying resources
[0.563s] -- Found rclcpp: 16.0.9 (/opt/ros/humble/share/rclcpp/cmake)
[0.632s] -- Found rosidl_generator_c: 3.1.5 (/opt/ros/humble/share/rosidl_generator_c/cmake)
[0.640s] -- Found rosidl_adapter: 3.1.5 (/opt/ros/humble/share/rosidl_adapter/cmake)
[0.655s] -- Found rosidl_generator_cpp: 3.1.5 (/opt/ros/humble/share/rosidl_generator_cpp/cmake)
[0.695s] -- Using all available rosidl_typesupport_c: rosidl_typesupport_fastrtps_c;rosidl_typesupport_introspection_c
[0.736s] -- Using all available rosidl_typesupport_cpp: rosidl_typesupport_fastrtps_cpp;rosidl_typesupport_introspection_cpp
[0.959s] -- Found rmw_implementation_cmake: 6.1.2 (/opt/ros/humble/share/rmw_implementation_cmake/cmake)
[0.959s] -- Found rmw_fastrtps_cpp: 6.2.6 (/opt/ros/humble/share/rmw_fastrtps_cpp/cmake)
[1.370s] -- Using RMW implementation 'rmw_fastrtps_cpp' as default
[1.914s] -- Found ament_lint_auto: 0.12.11 (/opt/ros/humble/share/ament_lint_auto/cmake)
[2.167s] -- Added test 'cppcheck' to perform static code analysis on C / C++ code
[2.168s] -- Configured cppcheck include dirs: 
[2.168s] -- Configured cppcheck exclude dirs and/or files: 
[2.172s] -- Added test 'lint_cmake' to check CMake code style
[2.175s] -- Added test 'uncrustify' to check C / C++ code style
[2.175s] -- Configured uncrustify additional arguments: 
[2.178s] -- Added test 'xmllint' to check XML markup files
[2.188s] -- Configuring done
[2.195s] [31mCMake Error at CMakeLists.txt:15 (add_executable):
[2.195s]   Cannot find source file:
[2.195s] 
[2.195s]     src/helloworld.cpp
[2.195s] 
[2.196s]   Tried extensions .c .C .c++ .cc .cpp .cxx .cu .mpp .m .M .mm .ixx .cppm .h
[2.196s]   .hh .h++ .hm .hpp .hxx .in .txx .f .F .for .f77 .f90 .f95 .f03 .hip .ispc
[2.196s] 
[2.196s] [0m
[2.202s] [31mCMake Error at CMakeLists.txt:15 (add_executable):
[2.202s]   No SOURCES given to target: helloworld
[2.202s] 
[2.202s] [0m
[2.202s] [0mCMake Generate step failed.  Build files cannot be regenerated correctly.[0m
[2.218s] Invoked command in '/home/pdy/kdta_ws/build/simple_pkg_cpp' returned '1': CMAKE_PREFIX_PATH=/opt/ros/humble /usr/bin/cmake /home/pdy/kdta_ws/src/simple_pkg_cpp -DAMENT_CMAKE_SYMLINK_INSTALL=1 -DCMAKE_INSTALL_PREFIX=/home/pdy/kdta_ws/install/simple_pkg_cpp
