[0.075s] Invoking command in '/home/pdy/kdta_ws/build/simple_pkg_cpp': CMAKE_PREFIX_PATH=${CMAKE_PREFIX_PATH}:/opt/ros/humble /usr/bin/cmake --build /home/pdy/kdta_ws/build/simple_pkg_cpp -- -j2 -l2
[0.195s] -- Found ament_cmake: 1.3.9 (/opt/ros/humble/share/ament_cmake/cmake)
[0.704s] -- Override CMake install command with custom implementation using symlinks instead of copying resources
[0.766s] -- Found rclcpp: 16.0.9 (/opt/ros/humble/share/rclcpp/cmake)
[0.921s] -- Found rosidl_generator_c: 3.1.5 (/opt/ros/humble/share/rosidl_generator_c/cmake)
[0.931s] -- Found rosidl_adapter: 3.1.5 (/opt/ros/humble/share/rosidl_adapter/cmake)
[0.968s] -- Found rosidl_generator_cpp: 3.1.5 (/opt/ros/humble/share/rosidl_generator_cpp/cmake)
[1.031s] -- Using all available rosidl_typesupport_c: rosidl_typesupport_fastrtps_c;rosidl_typesupport_introspection_c
[1.110s] -- Using all available rosidl_typesupport_cpp: rosidl_typesupport_fastrtps_cpp;rosidl_typesupport_introspection_cpp
[1.412s] -- Found rmw_implementation_cmake: 6.1.2 (/opt/ros/humble/share/rmw_implementation_cmake/cmake)
[1.459s] -- Found rmw_fastrtps_cpp: 6.2.6 (/opt/ros/humble/share/rmw_fastrtps_cpp/cmake)
[1.940s] -- Using RMW implementation 'rmw_fastrtps_cpp' as default
[2.700s] -- Found ament_lint_auto: 0.12.11 (/opt/ros/humble/share/ament_lint_auto/cmake)
[3.022s] -- Added test 'cppcheck' to perform static code analysis on C / C++ code
[3.023s] -- Configured cppcheck include dirs: 
[3.023s] -- Configured cppcheck exclude dirs and/or files: 
[3.026s] -- Added test 'lint_cmake' to check CMake code style
[3.027s] -- Added test 'uncrustify' to check C / C++ code style
[3.027s] -- Configured uncrustify additional arguments: 
[3.029s] -- Added test 'xmllint' to check XML markup files
[3.032s] -- Configuring done
[3.207s] -- Generating done
[3.214s] -- Build files have been written to: /home/pdy/kdta_ws/build/simple_pkg_cpp
[3.346s] [35m[1mConsolidate compiler generated dependencies of target helloworld[0m
[3.408s] [ 33%] Built target helloworld
[3.470s] [35m[1mConsolidate compiler generated dependencies of target helloOpenCV[0m
[3.547s] [ 66%] Built target helloOpenCV
[3.650s] [ 83%] [32mBuilding CXX object CMakeFiles/hello_publisher.dir/src/hello_publisher.cpp.o[0m
[16.275s] [100%] [32m[1mLinking CXX executable hello_publisher[0m
[16.923s] [100%] Built target hello_publisher
[16.981s] Invoked command in '/home/pdy/kdta_ws/build/simple_pkg_cpp' returned '0': CMAKE_PREFIX_PATH=${CMAKE_PREFIX_PATH}:/opt/ros/humble /usr/bin/cmake --build /home/pdy/kdta_ws/build/simple_pkg_cpp -- -j2 -l2
[17.155s] Invoking command in '/home/pdy/kdta_ws/build/simple_pkg_cpp': CMAKE_PREFIX_PATH=${CMAKE_PREFIX_PATH}:/opt/ros/humble /usr/bin/cmake --install /home/pdy/kdta_ws/build/simple_pkg_cpp
[17.197s] -- Install configuration: ""
[17.206s] -- Execute custom install script
[17.207s] -- Up-to-date symlink: /home/pdy/kdta_ws/install/simple_pkg_cpp/lib/simple_pkg_cpp/helloworld
[17.208s] -- Up-to-date symlink: /home/pdy/kdta_ws/install/simple_pkg_cpp/lib/simple_pkg_cpp/helloOpenCV
[17.209s] -- Up-to-date symlink: /home/pdy/kdta_ws/install/simple_pkg_cpp/share/ament_index/resource_index/package_run_dependencies/simple_pkg_cpp
[17.210s] -- Up-to-date symlink: /home/pdy/kdta_ws/install/simple_pkg_cpp/share/ament_index/resource_index/parent_prefix_path/simple_pkg_cpp
[17.210s] -- Up-to-date symlink: /home/pdy/kdta_ws/install/simple_pkg_cpp/share/simple_pkg_cpp/environment/ament_prefix_path.sh
[17.211s] -- Up-to-date symlink: /home/pdy/kdta_ws/install/simple_pkg_cpp/share/simple_pkg_cpp/environment/ament_prefix_path.dsv
[17.212s] -- Up-to-date symlink: /home/pdy/kdta_ws/install/simple_pkg_cpp/share/simple_pkg_cpp/environment/path.sh
[17.214s] -- Up-to-date symlink: /home/pdy/kdta_ws/install/simple_pkg_cpp/share/simple_pkg_cpp/environment/path.dsv
[17.215s] -- Up-to-date symlink: /home/pdy/kdta_ws/install/simple_pkg_cpp/share/simple_pkg_cpp/local_setup.bash
[17.215s] -- Up-to-date symlink: /home/pdy/kdta_ws/install/simple_pkg_cpp/share/simple_pkg_cpp/local_setup.sh
[17.215s] -- Up-to-date symlink: /home/pdy/kdta_ws/install/simple_pkg_cpp/share/simple_pkg_cpp/local_setup.zsh
[17.216s] -- Up-to-date symlink: /home/pdy/kdta_ws/install/simple_pkg_cpp/share/simple_pkg_cpp/local_setup.dsv
[17.221s] -- Symlinking: /home/pdy/kdta_ws/install/simple_pkg_cpp/share/simple_pkg_cpp/package.dsv
[17.266s] -- Up-to-date symlink: /home/pdy/kdta_ws/install/simple_pkg_cpp/share/ament_index/resource_index/packages/simple_pkg_cpp
[17.266s] -- Up-to-date symlink: /home/pdy/kdta_ws/install/simple_pkg_cpp/share/simple_pkg_cpp/cmake/simple_pkg_cppConfig.cmake
[17.266s] -- Up-to-date symlink: /home/pdy/kdta_ws/install/simple_pkg_cpp/share/simple_pkg_cpp/cmake/simple_pkg_cppConfig-version.cmake
[17.267s] -- Up-to-date symlink: /home/pdy/kdta_ws/install/simple_pkg_cpp/share/simple_pkg_cpp/package.xml
[17.274s] Invoked command in '/home/pdy/kdta_ws/build/simple_pkg_cpp' returned '0': CMAKE_PREFIX_PATH=${CMAKE_PREFIX_PATH}:/opt/ros/humble /usr/bin/cmake --install /home/pdy/kdta_ws/build/simple_pkg_cpp
