[0.058s] Invoking command in '/home/pdy/kdta_ws/build/simple_pkg_cpp': CMAKE_PREFIX_PATH=${CMAKE_PREFIX_PATH}:/opt/ros/humble /usr/bin/cmake --build /home/pdy/kdta_ws/build/simple_pkg_cpp -- -j2 -l2
[0.325s] [ 33%] Built target helloworld
[0.476s] [ 66%] Built target helloOpenCV
[0.540s] [35m[1mConsolidate compiler generated dependencies of target hello_publisher[0m
[0.637s] [ 83%] [32mBuilding CXX object CMakeFiles/hello_publisher.dir/src/hello_publisher.cpp.o[0m
[11.469s] [01m[K/home/pdy/kdta_ws/src/simple_pkg_cpp/src/hello_publisher.cpp:7:7:[m[K [01;31m[Kerror: [m[Kexpected nested-name-specifier before ‘[01m[KprintHello[m[K’
[11.469s]     7 | using [01;31m[KprintHello[m[K();
[11.469s]       |       [01;31m[K^~~~~~~~~~[m[K
[11.483s] [01m[K/home/pdy/kdta_ws/src/simple_pkg_cpp/src/hello_publisher.cpp:[m[K In function ‘[01m[Kint main()[m[K’:
[11.483s] [01m[K/home/pdy/kdta_ws/src/simple_pkg_cpp/src/hello_publisher.cpp:13:46:[m[K [01;31m[Kerror: [m[K‘[01m[KprintHello[m[K’ was not declared in this scope
[11.483s]    13 |     auto timer = node->create_wall_timer(1s, [01;31m[KprintHello[m[K);
[11.483s]       |                                              [01;31m[K^~~~~~~~~~[m[K
[11.489s] [01m[K/home/pdy/kdta_ws/src/simple_pkg_cpp/src/hello_publisher.cpp:[m[K In function ‘[01m[Kvoid printHello()[m[K’:
[11.490s] [01m[K/home/pdy/kdta_ws/src/simple_pkg_cpp/src/hello_publisher.cpp:21:29:[m[K [01;31m[Kerror: [m[Kno match for ‘[01m[Koperator<<[m[K’ (operand types are ‘[01m[Kstd::basic_ostream<char>[m[K’ and ‘[01m[K<unresolved overloaded function type>[m[K’)
[11.490s]    21 |     [01;31m[Kcout << "Hello, World!" << end[m[K;
[11.490s]       |     [01;31m[K~~~~~~~~~~~~~~~~~~~~~~~~^~~~~~[m[K
[11.494s] In file included from [01m[K/usr/include/c++/11/iostream:39[m[K,
[11.495s]                  from [01m[K/home/pdy/kdta_ws/src/simple_pkg_cpp/src/hello_publisher.cpp:1[m[K:
[11.495s] [01m[K/usr/include/c++/11/ostream:108:7:[m[K [01;36m[Knote: [m[Kcandidate: ‘[01m[Kstd::basic_ostream<_CharT, _Traits>::__ostream_type& std::basic_ostream<_CharT, _Traits>::operator<<(std::basic_ostream<_CharT, _Traits>::__ostream_type& (*)(std::basic_ostream<_CharT, _Traits>::__ostream_type&)) [with _CharT = char; _Traits = std::char_traits<char>; std::basic_ostream<_CharT, _Traits>::__ostream_type = std::basic_ostream<char>][m[K’
[11.496s]   108 |       [01;36m[Koperator[m[K<<(__ostream_type& (*__pf)(__ostream_type&))
[11.496s]       |       [01;36m[K^~~~~~~~[m[K
[11.496s] [01m[K/usr/include/c++/11/ostream:108:36:[m[K [01;36m[Knote: [m[K  no known conversion for argument 1 from ‘[01m[K<unresolved overloaded function type>[m[K’ to ‘[01m[Kstd::basic_ostream<char>::__ostream_type& (*)(std::basic_ostream<char>::__ostream_type&)[m[K’ {aka ‘[01m[Kstd::basic_ostream<char>& (*)(std::basic_ostream<char>&)[m[K’}
[11.496s]   108 |       operator<<([01;36m[K__ostream_type& (*__pf)(__ostream_type&)[m[K)
[11.496s]       |                  [01;36m[K~~~~~~~~~~~~~~~~~~^~~~~~~~~~~~~~~~~~~~~~[m[K
[11.496s] [01m[K/usr/include/c++/11/ostream:117:7:[m[K [01;36m[Knote: [m[Kcandidate: ‘[01m[Kstd::basic_ostream<_CharT, _Traits>::__ostream_type& std::basic_ostream<_CharT, _Traits>::operator<<(std::basic_ostream<_CharT, _Traits>::__ios_type& (*)(std::basic_ostream<_CharT, _Traits>::__ios_type&)) [with _CharT = char; _Traits = std::char_traits<char>; std::basic_ostream<_CharT, _Traits>::__ostream_type = std::basic_ostream<char>; std::basic_ostream<_CharT, _Traits>::__ios_type = std::basic_ios<char>][m[K’
[11.497s]   117 |       [01;36m[Koperator[m[K<<(__ios_type& (*__pf)(__ios_type&))
[11.497s]       |       [01;36m[K^~~~~~~~[m[K
[11.497s] [01m[K/usr/include/c++/11/ostream:117:32:[m[K [01;36m[Knote: [m[K  no known conversion for argument 1 from ‘[01m[K<unresolved overloaded function type>[m[K’ to ‘[01m[Kstd::basic_ostream<char>::__ios_type& (*)(std::basic_ostream<char>::__ios_type&)[m[K’ {aka ‘[01m[Kstd::basic_ios<char>& (*)(std::basic_ios<char>&)[m[K’}
[11.497s]   117 |       operator<<([01;36m[K__ios_type& (*__pf)(__ios_type&)[m[K)
[11.497s]       |                  [01;36m[K~~~~~~~~~~~~~~^~~~~~~~~~~~~~~~~~[m[K
[11.497s] [01m[K/usr/include/c++/11/ostream:127:7:[m[K [01;36m[Knote: [m[Kcandidate: ‘[01m[Kstd::basic_ostream<_CharT, _Traits>::__ostream_type& std::basic_ostream<_CharT, _Traits>::operator<<(std::ios_base& (*)(std::ios_base&)) [with _CharT = char; _Traits = std::char_traits<char>; std::basic_ostream<_CharT, _Traits>::__ostream_type = std::basic_ostream<char>][m[K’
[11.498s]   127 |       [01;36m[Koperator[m[K<<(ios_base& (*__pf) (ios_base&))
[11.498s]       |       [01;36m[K^~~~~~~~[m[K
[11.498s] [01m[K/usr/include/c++/11/ostream:127:30:[m[K [01;36m[Knote: [m[K  no known conversion for argument 1 from ‘[01m[K<unresolved overloaded function type>[m[K’ to ‘[01m[Kstd::ios_base& (*)(std::ios_base&)[m[K’
[11.498s]   127 |       operator<<([01;36m[Kios_base& (*__pf) (ios_base&)[m[K)
[11.498s]       |                  [01;36m[K~~~~~~~~~~~~^~~~~~~~~~~~~~~~~[m[K
[11.498s] [01m[K/usr/include/c++/11/ostream:166:7:[m[K [01;36m[Knote: [m[Kcandidate: ‘[01m[Kstd::basic_ostream<_CharT, _Traits>::__ostream_type& std::basic_ostream<_CharT, _Traits>::operator<<(long int) [with _CharT = char; _Traits = std::char_traits<char>; std::basic_ostream<_CharT, _Traits>::__ostream_type = std::basic_ostream<char>][m[K’
[11.498s]   166 |       [01;36m[Koperator[m[K<<(long __n)
[11.499s]       |       [01;36m[K^~~~~~~~[m[K
[11.499s] [01m[K/usr/include/c++/11/ostream:166:23:[m[K [01;36m[Knote: [m[K  no known conversion for argument 1 from ‘[01m[K<unresolved overloaded function type>[m[K’ to ‘[01m[Klong int[m[K’
[11.499s]   166 |       operator<<([01;36m[Klong __n[m[K)
[11.499s]       |                  [01;36m[K~~~~~^~~[m[K
[11.499s] [01m[K/usr/include/c++/11/ostream:170:7:[m[K [01;36m[Knote: [m[Kcandidate: ‘[01m[Kstd::basic_ostream<_CharT, _Traits>::__ostream_type& std::basic_ostream<_CharT, _Traits>::operator<<(long unsigned int) [with _CharT = char; _Traits = std::char_traits<char>; std::basic_ostream<_CharT, _Traits>::__ostream_type = std::basic_ostream<char>][m[K’
[11.504s]   170 |       [01;36m[Koperator[m[K<<(unsigned long __n)
[11.504s]       |       [01;36m[K^~~~~~~~[m[K
[11.517s] [01m[K/usr/include/c++/11/ostream:170:32:[m[K [01;36m[Knote: [m[K  no known conversion for argument 1 from ‘[01m[K<unresolved overloaded function type>[m[K’ to ‘[01m[Klong unsigned int[m[K’
[11.517s]   170 |       operator<<([01;36m[Kunsigned long __n[m[K)
[11.518s]       |                  [01;36m[K~~~~~~~~~~~~~~^~~[m[K
[11.518s] [01m[K/usr/include/c++/11/ostream:174:7:[m[K [01;36m[Knote: [m[Kcandidate: ‘[01m[Kstd::basic_ostream<_CharT, _Traits>::__ostream_type& std::basic_ostream<_CharT, _Traits>::operator<<(bool) [with _CharT = char; _Traits = std::char_traits<char>; std::basic_ostream<_CharT, _Traits>::__ostream_type = std::basic_ostream<char>][m[K’
[11.521s]   174 |       [01;36m[Koperator[m[K<<(bool __n)
[11.522s]       |       [01;36m[K^~~~~~~~[m[K
[11.522s] [01m[K/usr/include/c++/11/ostream:174:23:[m[K [01;36m[Knote: [m[K  no known conversion for argument 1 from ‘[01m[K<unresolved overloaded function type>[m[K’ to ‘[01m[Kbool[m[K’
[11.522s]   174 |       operator<<([01;36m[Kbool __n[m[K)
[11.522s]       |                  [01;36m[K~~~~~^~~[m[K
[11.522s] In file included from [01m[K/usr/include/c++/11/ostream:829[m[K,
[11.523s]                  from [01m[K/usr/include/c++/11/iostream:39[m[K,
[11.523s]                  from [01m[K/home/pdy/kdta_ws/src/simple_pkg_cpp/src/hello_publisher.cpp:1[m[K:
[11.524s] [01m[K/usr/include/c++/11/bits/ostream.tcc:91:5:[m[K [01;36m[Knote: [m[Kcandidate: ‘[01m[Kstd::basic_ostream<_CharT, _Traits>& std::basic_ostream<_CharT, _Traits>::operator<<(short int) [with _CharT = char; _Traits = std::char_traits<char>][m[K’
[11.534s]    91 |     [01;36m[Kbasic_ostream<_CharT, _Traits>[m[K::
[11.534s]       |     [01;36m[K^~~~~~~~~~~~~~~~~~~~~~~~~~~~~~[m[K
[11.535s] [01m[K/usr/include/c++/11/bits/ostream.tcc:92:22:[m[K [01;36m[Knote: [m[K  no known conversion for argument 1 from ‘[01m[K<unresolved overloaded function type>[m[K’ to ‘[01m[Kshort int[m[K’
[11.536s]    92 |     operator<<([01;36m[Kshort __n[m[K)
[11.536s]       |                [01;36m[K~~~~~~^~~[m[K
[11.536s] In file included from [01m[K/usr/include/c++/11/iostream:39[m[K,
[11.537s]                  from [01m[K/home/pdy/kdta_ws/src/simple_pkg_cpp/src/hello_publisher.cpp:1[m[K:
[11.537s] [01m[K/usr/include/c++/11/ostream:181:7:[m[K [01;36m[Knote: [m[Kcandidate: ‘[01m[Kstd::basic_ostream<_CharT, _Traits>::__ostream_type& std::basic_ostream<_CharT, _Traits>::operator<<(short unsigned int) [with _CharT = char; _Traits = std::char_traits<char>; std::basic_ostream<_CharT, _Traits>::__ostream_type = std::basic_ostream<char>][m[K’
[11.537s]   181 |       [01;36m[Koperator[m[K<<(unsigned short __n)
[11.537s]       |       [01;36m[K^~~~~~~~[m[K
[11.538s] [01m[K/usr/include/c++/11/ostream:181:33:[m[K [01;36m[Knote: [m[K  no known conversion for argument 1 from ‘[01m[K<unresolved overloaded function type>[m[K’ to ‘[01m[Kshort unsigned int[m[K’
[11.538s]   181 |       operator<<([01;36m[Kunsigned short __n[m[K)
[11.538s]       |                  [01;36m[K~~~~~~~~~~~~~~~^~~[m[K
[11.538s] In file included from [01m[K/usr/include/c++/11/ostream:829[m[K,
[11.538s]                  from [01m[K/usr/include/c++/11/iostream:39[m[K,
[11.538s]                  from [01m[K/home/pdy/kdta_ws/src/simple_pkg_cpp/src/hello_publisher.cpp:1[m[K:
[11.539s] [01m[K/usr/include/c++/11/bits/ostream.tcc:105:5:[m[K [01;36m[Knote: [m[Kcandidate: ‘[01m[Kstd::basic_ostream<_CharT, _Traits>& std::basic_ostream<_CharT, _Traits>::operator<<(int) [with _CharT = char; _Traits = std::char_traits<char>][m[K’
[11.539s]   105 |     [01;36m[Kbasic_ostream<_CharT, _Traits>[m[K::
[11.549s]       |     [01;36m[K^~~~~~~~~~~~~~~~~~~~~~~~~~~~~~[m[K
[11.549s] [01m[K/usr/include/c++/11/bits/ostream.tcc:106:20:[m[K [01;36m[Knote: [m[K  no known conversion for argument 1 from ‘[01m[K<unresolved overloaded function type>[m[K’ to ‘[01m[Kint[m[K’
[11.550s]   106 |     operator<<([01;36m[Kint __n[m[K)
[11.550s]       |                [01;36m[K~~~~^~~[m[K
[11.550s] In file included from [01m[K/usr/include/c++/11/iostream:39[m[K,
[11.550s]                  from [01m[K/home/pdy/kdta_ws/src/simple_pkg_cpp/src/hello_publisher.cpp:1[m[K:
[11.550s] [01m[K/usr/include/c++/11/ostream:192:7:[m[K [01;36m[Knote: [m[Kcandidate: ‘[01m[Kstd::basic_ostream<_CharT, _Traits>::__ostream_type& std::basic_ostream<_CharT, _Traits>::operator<<(unsigned int) [with _CharT = char; _Traits = std::char_traits<char>; std::basic_ostream<_CharT, _Traits>::__ostream_type = std::basic_ostream<char>][m[K’
[11.551s]   192 |       [01;36m[Koperator[m[K<<(unsigned int __n)
[11.551s]       |       [01;36m[K^~~~~~~~[m[K
[11.551s] [01m[K/usr/include/c++/11/ostream:192:31:[m[K [01;36m[Knote: [m[K  no known conversion for argument 1 from ‘[01m[K<unresolved overloaded function type>[m[K’ to ‘[01m[Kunsigned int[m[K’
[11.551s]   192 |       operator<<([01;36m[Kunsigned int __n[m[K)
[11.551s]       |                  [01;36m[K~~~~~~~~~~~~~^~~[m[K
[11.551s] [01m[K/usr/include/c++/11/ostream:201:7:[m[K [01;36m[Knote: [m[Kcandidate: ‘[01m[Kstd::basic_ostream<_CharT, _Traits>::__ostream_type& std::basic_ostream<_CharT, _Traits>::operator<<(long long int) [with _CharT = char; _Traits = std::char_traits<char>; std::basic_ostream<_CharT, _Traits>::__ostream_type = std::basic_ostream<char>][m[K’
[11.551s]   201 |       [01;36m[Koperator[m[K<<(long long __n)
[11.552s]       |       [01;36m[K^~~~~~~~[m[K
[11.552s] [01m[K/usr/include/c++/11/ostream:201:28:[m[K [01;36m[Knote: [m[K  no known conversion for argument 1 from ‘[01m[K<unresolved overloaded function type>[m[K’ to ‘[01m[Klong long int[m[K’
[11.552s]   201 |       operator<<([01;36m[Klong long __n[m[K)
[11.552s]       |                  [01;36m[K~~~~~~~~~~^~~[m[K
[11.552s] [01m[K/usr/include/c++/11/ostream:205:7:[m[K [01;36m[Knote: [m[Kcandidate: ‘[01m[Kstd::basic_ostream<_CharT, _Traits>::__ostream_type& std::basic_ostream<_CharT, _Traits>::operator<<(long long unsigned int) [with _CharT = char; _Traits = std::char_traits<char>; std::basic_ostream<_CharT, _Traits>::__ostream_type = std::basic_ostream<char>][m[K’
[11.560s]   205 |       [01;36m[Koperator[m[K<<(unsigned long long __n)
[11.560s]       |       [01;36m[K^~~~~~~~[m[K
[11.560s] [01m[K/usr/include/c++/11/ostream:205:37:[m[K [01;36m[Knote: [m[K  no known conversion for argument 1 from ‘[01m[K<unresolved overloaded function type>[m[K’ to ‘[01m[Klong long unsigned int[m[K’
[11.561s]   205 |       operator<<([01;36m[Kunsigned long long __n[m[K)
[11.561s]       |                  [01;36m[K~~~~~~~~~~~~~~~~~~~^~~[m[K
[11.561s] [01m[K/usr/include/c++/11/ostream:220:7:[m[K [01;36m[Knote: [m[Kcandidate: ‘[01m[Kstd::basic_ostream<_CharT, _Traits>::__ostream_type& std::basic_ostream<_CharT, _Traits>::operator<<(double) [with _CharT = char; _Traits = std::char_traits<char>; std::basic_ostream<_CharT, _Traits>::__ostream_type = std::basic_ostream<char>][m[K’
[11.561s]   220 |       [01;36m[Koperator[m[K<<(double __f)
[11.562s]       |       [01;36m[K^~~~~~~~[m[K
[11.562s] [01m[K/usr/include/c++/11/ostream:220:25:[m[K [01;36m[Knote: [m[K  no known conversion for argument 1 from ‘[01m[K<unresolved overloaded function type>[m[K’ to ‘[01m[Kdouble[m[K’
[11.563s]   220 |       operator<<([01;36m[Kdouble __f[m[K)
[11.564s]       |                  [01;36m[K~~~~~~~^~~[m[K
[11.564s] [01m[K/usr/include/c++/11/ostream:224:7:[m[K [01;36m[Knote: [m[Kcandidate: ‘[01m[Kstd::basic_ostream<_CharT, _Traits>::__ostream_type& std::basic_ostream<_CharT, _Traits>::operator<<(float) [with _CharT = char; _Traits = std::char_traits<char>; std::basic_ostream<_CharT, _Traits>::__ostream_type = std::basic_ostream<char>][m[K’
[11.564s]   224 |       [01;36m[Koperator[m[K<<(float __f)
[11.564s]       |       [01;36m[K^~~~~~~~[m[K
[11.566s] [01m[K/usr/include/c++/11/ostream:224:24:[m[K [01;36m[Knote: [m[K  no known conversion for argument 1 from ‘[01m[K<unresolved overloaded function type>[m[K’ to ‘[01m[Kfloat[m[K’
[11.566s]   224 |       operator<<([01;36m[Kfloat __f[m[K)
[11.566s]       |                  [01;36m[K~~~~~~^~~[m[K
[11.566s] [01m[K/usr/include/c++/11/ostream:232:7:[m[K [01;36m[Knote: [m[Kcandidate: ‘[01m[Kstd::basic_ostream<_CharT, _Traits>::__ostream_type& std::basic_ostream<_CharT, _Traits>::operator<<(long double) [with _CharT = char; _Traits = std::char_traits<char>; std::basic_ostream<_CharT, _Traits>::__ostream_type = std::basic_ostream<char>][m[K’
[11.566s]   232 |       [01;36m[Koperator[m[K<<(long double __f)
[11.567s]       |       [01;36m[K^~~~~~~~[m[K
[11.568s] [01m[K/usr/include/c++/11/ostream:232:30:[m[K [01;36m[Knote: [m[K  no known conversion for argument 1 from ‘[01m[K<unresolved overloaded function type>[m[K’ to ‘[01m[Klong double[m[K’
[11.569s]   232 |       operator<<([01;36m[Klong double __f[m[K)
[11.569s]       |                  [01;36m[K~~~~~~~~~~~~^~~[m[K
[11.569s] [01m[K/usr/include/c++/11/ostream:245:7:[m[K [01;36m[Knote: [m[Kcandidate: ‘[01m[Kstd::basic_ostream<_CharT, _Traits>::__ostream_type& std::basic_ostream<_CharT, _Traits>::operator<<(const void*) [with _CharT = char; _Traits = std::char_traits<char>; std::basic_ostream<_CharT, _Traits>::__ostream_type = std::basic_ostream<char>][m[K’
[11.569s]   245 |       [01;36m[Koperator[m[K<<(const void* __p)
[11.571s]       |       [01;36m[K^~~~~~~~[m[K
[11.571s] [01m[K/usr/include/c++/11/ostream:245:30:[m[K [01;36m[Knote: [m[K  no known conversion for argument 1 from ‘[01m[K<unresolved overloaded function type>[m[K’ to ‘[01m[Kconst void*[m[K’
[11.571s]   245 |       operator<<([01;36m[Kconst void* __p[m[K)
[11.571s]       |                  [01;36m[K~~~~~~~~~~~~^~~[m[K
[11.571s] [01m[K/usr/include/c++/11/ostream:250:7:[m[K [01;36m[Knote: [m[Kcandidate: ‘[01m[Kstd::basic_ostream<_CharT, _Traits>::__ostream_type& std::basic_ostream<_CharT, _Traits>::operator<<(std::nullptr_t) [with _CharT = char; _Traits = std::char_traits<char>; std::basic_ostream<_CharT, _Traits>::__ostream_type = std::basic_ostream<char>; std::nullptr_t = std::nullptr_t][m[K’
[11.572s]   250 |       [01;36m[Koperator[m[K<<(nullptr_t)
[11.579s]       |       [01;36m[K^~~~~~~~[m[K
[11.580s] [01m[K/usr/include/c++/11/ostream:250:18:[m[K [01;36m[Knote: [m[K  no known conversion for argument 1 from ‘[01m[K<unresolved overloaded function type>[m[K’ to ‘[01m[Kstd::nullptr_t[m[K’
[11.580s]   250 |       operator<<([01;36m[Knullptr_t[m[K)
[11.580s]       |                  [01;36m[K^~~~~~~~~[m[K
[11.580s] In file included from [01m[K/usr/include/c++/11/ostream:829[m[K,
[11.581s]                  from [01m[K/usr/include/c++/11/iostream:39[m[K,
[11.581s]                  from [01m[K/home/pdy/kdta_ws/src/simple_pkg_cpp/src/hello_publisher.cpp:1[m[K:
[11.581s] [01m[K/usr/include/c++/11/bits/ostream.tcc:119:5:[m[K [01;36m[Knote: [m[Kcandidate: ‘[01m[Kstd::basic_ostream<_CharT, _Traits>& std::basic_ostream<_CharT, _Traits>::operator<<(std::basic_ostream<_CharT, _Traits>::__streambuf_type*) [with _CharT = char; _Traits = std::char_traits<char>; std::basic_ostream<_CharT, _Traits>::__streambuf_type = std::basic_streambuf<char>][m[K’
[11.581s]   119 |     [01;36m[Kbasic_ostream<_CharT, _Traits>[m[K::
[11.581s]       |     [01;36m[K^~~~~~~~~~~~~~~~~~~~~~~~~~~~~~[m[K
[11.581s] [01m[K/usr/include/c++/11/bits/ostream.tcc:120:34:[m[K [01;36m[Knote: [m[K  no known conversion for argument 1 from ‘[01m[K<unresolved overloaded function type>[m[K’ to ‘[01m[Kstd::basic_ostream<char>::__streambuf_type*[m[K’ {aka ‘[01m[Kstd::basic_streambuf<char>*[m[K’}
[11.582s]   120 |     operator<<([01;36m[K__streambuf_type* __sbin[m[K)
[11.582s]       |                [01;36m[K~~~~~~~~~~~~~~~~~~^~~~~~[m[K
[11.582s] In file included from [01m[K/usr/include/c++/11/bits/basic_string.h:48[m[K,
[11.582s]                  from [01m[K/usr/include/c++/11/string:55[m[K,
[11.582s]                  from [01m[K/usr/include/c++/11/bits/locale_classes.h:40[m[K,
[11.582s]                  from [01m[K/usr/include/c++/11/bits/ios_base.h:41[m[K,
[11.582s]                  from [01m[K/usr/include/c++/11/ios:42[m[K,
[11.583s]                  from [01m[K/usr/include/c++/11/ostream:38[m[K,
[11.583s]                  from [01m[K/usr/include/c++/11/iostream:39[m[K,
[11.583s]                  from [01m[K/home/pdy/kdta_ws/src/simple_pkg_cpp/src/hello_publisher.cpp:1[m[K:
[11.583s] [01m[K/usr/include/c++/11/string_view:667:5:[m[K [01;36m[Knote: [m[Kcandidate: ‘[01m[Kstd::basic_ostream<_CharT, _Traits>& std::operator<<(std::basic_ostream<_CharT, _Traits>&, std::basic_string_view<_CharT, _Traits>) [with _CharT = char; _Traits = std::char_traits<char>][m[K’
[11.583s]   667 |     [01;36m[Koperator[m[K<<(basic_ostream<_CharT, _Traits>& __os,
[11.583s]       |     [01;36m[K^~~~~~~~[m[K
[11.584s] [01m[K/usr/include/c++/11/string_view:668:50:[m[K [01;36m[Knote: [m[K  no known conversion for argument 2 from ‘[01m[K<unresolved overloaded function type>[m[K’ to ‘[01m[Kstd::basic_string_view<char>[m[K’
[11.584s]   668 |                [01;36m[Kbasic_string_view<_CharT,_Traits> __str[m[K)
[11.584s]       |                [01;36m[K~~~~~~~~~~~~~~~~~~~~~~~~~~~~~~~~~~^~~~~[m[K
[11.584s] In file included from [01m[K/usr/include/c++/11/string:55[m[K,
[11.584s]                  from [01m[K/usr/include/c++/11/bits/locale_classes.h:40[m[K,
[11.584s]                  from [01m[K/usr/include/c++/11/bits/ios_base.h:41[m[K,
[11.585s]                  from [01m[K/usr/include/c++/11/ios:42[m[K,
[11.585s]                  from [01m[K/usr/include/c++/11/ostream:38[m[K,
[11.585s]                  from [01m[K/usr/include/c++/11/iostream:39[m[K,
[11.585s]                  from [01m[K/home/pdy/kdta_ws/src/simple_pkg_cpp/src/hello_publisher.cpp:1[m[K:
[11.585s] [01m[K/usr/include/c++/11/bits/basic_string.h:6531:5:[m[K [01;36m[Knote: [m[Kcandidate: ‘[01m[Ktemplate<class _CharT, class _Traits, class _Alloc> std::basic_ostream<_CharT, _Traits>& std::operator<<(std::basic_ostream<_CharT, _Traits>&, const std::__cxx11::basic_string<_CharT, _Traits, _Allocator>&)[m[K’
[11.585s]  6531 |     [01;36m[Koperator[m[K<<(basic_ostream<_CharT, _Traits>& __os,
[11.585s]       |     [01;36m[K^~~~~~~~[m[K
[11.586s] [01m[K/usr/include/c++/11/bits/basic_string.h:6531:5:[m[K [01;36m[Knote: [m[K  template argument deduction/substitution failed:
[11.586s] [01m[K/home/pdy/kdta_ws/src/simple_pkg_cpp/src/hello_publisher.cpp:21:32:[m[K [01;36m[Knote: [m[K  couldn’t deduce template parameter ‘[01m[K_Alloc[m[K’
[11.586s]    21 |     cout << "Hello, World!" << [01;36m[Kend[m[K;
[11.586s]       |                                [01;36m[K^~~[m[K
[11.586s] In file included from [01m[K/usr/include/c++/11/bits/ios_base.h:46[m[K,
[11.586s]                  from [01m[K/usr/include/c++/11/ios:42[m[K,
[11.586s]                  from [01m[K/usr/include/c++/11/ostream:38[m[K,
[11.587s]                  from [01m[K/usr/include/c++/11/iostream:39[m[K,
[11.587s]                  from [01m[K/home/pdy/kdta_ws/src/simple_pkg_cpp/src/hello_publisher.cpp:1[m[K:
[11.587s] [01m[K/usr/include/c++/11/system_error:279:5:[m[K [01;36m[Knote: [m[Kcandidate: ‘[01m[Ktemplate<class _CharT, class _Traits> std::basic_ostream<_CharT, _Traits>& std::operator<<(std::basic_ostream<_CharT, _Traits>&, const std::error_code&)[m[K’
[11.587s]   279 |     [01;36m[Koperator[m[K<<(basic_ostream<_CharT, _Traits>& __os, const error_code& __e)
[11.587s]       |     [01;36m[K^~~~~~~~[m[K
[11.587s] [01m[K/usr/include/c++/11/system_error:279:5:[m[K [01;36m[Knote: [m[K  template argument deduction/substitution failed:
[11.588s] [01m[K/home/pdy/kdta_ws/src/simple_pkg_cpp/src/hello_publisher.cpp:21:32:[m[K [01;36m[Knote: [m[K  cannot convert ‘[01m[Kstd::end[m[K’ (type ‘[01m[K<unresolved overloaded function type>[m[K’) to type ‘[01m[Kconst std::error_code&[m[K’
[11.595s]    21 |     cout << "Hello, World!" << [01;36m[Kend[m[K;
[11.596s]       |                                [01;36m[K^~~[m[K
[11.596s] In file included from [01m[K/usr/include/c++/11/iostream:39[m[K,
[11.597s]                  from [01m[K/home/pdy/kdta_ws/src/simple_pkg_cpp/src/hello_publisher.cpp:1[m[K:
[11.597s] [01m[K/usr/include/c++/11/ostream:513:5:[m[K [01;36m[Knote: [m[Kcandidate: ‘[01m[Kstd::basic_ostream<_CharT, _Traits>& std::operator<<(std::basic_ostream<_CharT, _Traits>&, _CharT) [with _CharT = char; _Traits = std::char_traits<char>][m[K’
[11.597s]   513 |     [01;36m[Koperator[m[K<<(basic_ostream<_CharT, _Traits>& __out, _CharT __c)
[11.598s]       |     [01;36m[K^~~~~~~~[m[K
[11.598s] [01m[K/usr/include/c++/11/ostream:513:62:[m[K [01;36m[Knote: [m[K  no known conversion for argument 2 from ‘[01m[K<unresolved overloaded function type>[m[K’ to ‘[01m[Kchar[m[K’
[11.598s]   513 |     operator<<(basic_ostream<_CharT, _Traits>& __out, [01;36m[K_CharT __c[m[K)
[11.598s]       |                                                       [01;36m[K~~~~~~~^~~[m[K
[11.598s] [01m[K/usr/include/c++/11/ostream:518:5:[m[K [01;36m[Knote: [m[Kcandidate: ‘[01m[Ktemplate<class _CharT, class _Traits> std::basic_ostream<_CharT, _Traits>& std::operator<<(std::basic_ostream<_CharT, _Traits>&, char)[m[K’
[11.598s]   518 |     [01;36m[Koperator[m[K<<(basic_ostream<_CharT, _Traits>& __out, char __c)
[11.598s]       |     [01;36m[K^~~~~~~~[m[K
[11.599s] [01m[K/usr/include/c++/11/ostream:518:5:[m[K [01;36m[Knote: [m[K  template argument deduction/substitution failed:
[11.599s] [01m[K/home/pdy/kdta_ws/src/simple_pkg_cpp/src/hello_publisher.cpp:21:32:[m[K [01;36m[Knote: [m[K  cannot convert ‘[01m[Kstd::end[m[K’ (type ‘[01m[K<unresolved overloaded function type>[m[K’) to type ‘[01m[Kchar[m[K’
[11.599s]    21 |     cout << "Hello, World!" << [01;36m[Kend[m[K;
[11.599s]       |                                [01;36m[K^~~[m[K
[11.599s] In file included from [01m[K/usr/include/c++/11/iostream:39[m[K,
[11.599s]                  from [01m[K/home/pdy/kdta_ws/src/simple_pkg_cpp/src/hello_publisher.cpp:1[m[K:
[11.600s] [01m[K/usr/include/c++/11/ostream:524:5:[m[K [01;36m[Knote: [m[Kcandidate: ‘[01m[Ktemplate<class _Traits> std::basic_ostream<char, _Traits>& std::operator<<(std::basic_ostream<char, _Traits>&, char)[m[K’
[11.600s]   524 |     [01;36m[Koperator[m[K<<(basic_ostream<char, _Traits>& __out, char __c)
[11.600s]       |     [01;36m[K^~~~~~~~[m[K
[11.600s] [01m[K/usr/include/c++/11/ostream:524:5:[m[K [01;36m[Knote: [m[K  template argument deduction/substitution failed:
[11.600s] [01m[K/home/pdy/kdta_ws/src/simple_pkg_cpp/src/hello_publisher.cpp:21:32:[m[K [01;36m[Knote: [m[K  cannot convert ‘[01m[Kstd::end[m[K’ (type ‘[01m[K<unresolved overloaded function type>[m[K’) to type ‘[01m[Kchar[m[K’
[11.600s]    21 |     cout << "Hello, World!" << [01;36m[Kend[m[K;
[11.600s]       |                                [01;36m[K^~~[m[K
[11.601s] In file included from [01m[K/usr/include/c++/11/iostream:39[m[K,
[11.608s]                  from [01m[K/home/pdy/kdta_ws/src/simple_pkg_cpp/src/hello_publisher.cpp:1[m[K:
[11.608s] [01m[K/usr/include/c++/11/ostream:530:5:[m[K [01;36m[Knote: [m[Kcandidate: ‘[01m[Ktemplate<class _Traits> std::basic_ostream<char, _Traits>& std::operator<<(std::basic_ostream<char, _Traits>&, signed char)[m[K’
[11.608s]   530 |     [01;36m[Koperator[m[K<<(basic_ostream<char, _Traits>& __out, signed char __c)
[11.609s]       |     [01;36m[K^~~~~~~~[m[K
[11.609s] [01m[K/usr/include/c++/11/ostream:530:5:[m[K [01;36m[Knote: [m[K  template argument deduction/substitution failed:
[11.609s] [01m[K/home/pdy/kdta_ws/src/simple_pkg_cpp/src/hello_publisher.cpp:21:32:[m[K [01;36m[Knote: [m[K  cannot convert ‘[01m[Kstd::end[m[K’ (type ‘[01m[K<unresolved overloaded function type>[m[K’) to type ‘[01m[Ksigned char[m[K’
[11.609s]    21 |     cout << "Hello, World!" << [01;36m[Kend[m[K;
[11.609s]       |                                [01;36m[K^~~[m[K
[11.609s] In file included from [01m[K/usr/include/c++/11/iostream:39[m[K,
[11.609s]                  from [01m[K/home/pdy/kdta_ws/src/simple_pkg_cpp/src/hello_publisher.cpp:1[m[K:
[11.610s] [01m[K/usr/include/c++/11/ostream:535:5:[m[K [01;36m[Knote: [m[Kcandidate: ‘[01m[Ktemplate<class _Traits> std::basic_ostream<char, _Traits>& std::operator<<(std::basic_ostream<char, _Traits>&, unsigned char)[m[K’
[11.610s]   535 |     [01;36m[Koperator[m[K<<(basic_ostream<char, _Traits>& __out, unsigned char __c)
[11.610s]       |     [01;36m[K^~~~~~~~[m[K
[11.610s] [01m[K/usr/include/c++/11/ostream:535:5:[m[K [01;36m[Knote: [m[K  template argument deduction/substitution failed:
[11.610s] [01m[K/home/pdy/kdta_ws/src/simple_pkg_cpp/src/hello_publisher.cpp:21:32:[m[K [01;36m[Knote: [m[K  cannot convert ‘[01m[Kstd::end[m[K’ (type ‘[01m[K<unresolved overloaded function type>[m[K’) to type ‘[01m[Kunsigned char[m[K’
[11.610s]    21 |     cout << "Hello, World!" << [01;36m[Kend[m[K;
[11.611s]       |                                [01;36m[K^~~[m[K
[11.611s] In file included from [01m[K/usr/include/c++/11/iostream:39[m[K,
[11.611s]                  from [01m[K/home/pdy/kdta_ws/src/simple_pkg_cpp/src/hello_publisher.cpp:1[m[K:
[11.611s] [01m[K/usr/include/c++/11/ostream:594:5:[m[K [01;36m[Knote: [m[Kcandidate: ‘[01m[Kstd::basic_ostream<_CharT, _Traits>& std::operator<<(std::basic_ostream<_CharT, _Traits>&, const _CharT*) [with _CharT = char; _Traits = std::char_traits<char>][m[K’
[11.611s]   594 |     [01;36m[Koperator[m[K<<(basic_ostream<_CharT, _Traits>& __out, const _CharT* __s)
[11.611s]       |     [01;36m[K^~~~~~~~[m[K
[11.611s] [01m[K/usr/include/c++/11/ostream:594:69:[m[K [01;36m[Knote: [m[K  no known conversion for argument 2 from ‘[01m[K<unresolved overloaded function type>[m[K’ to ‘[01m[Kconst char*[m[K’
[11.612s]   594 |    operator<<(basic_ostream<_CharT, _Traits>& __out, [01;36m[Kconst _CharT* __s[m[K)
[11.612s]       |                                                      [01;36m[K~~~~~~~~~~~~~~^~~[m[K
[11.612s] 
[11.612s] In file included from [01m[K/usr/include/c++/11/ostream:829[m[K,
[11.612s]                  from [01m[K/usr/include/c++/11/iostream:39[m[K,
[11.612s]                  from [01m[K/home/pdy/kdta_ws/src/simple_pkg_cpp/src/hello_publisher.cpp:1[m[K:
[11.613s] [01m[K/usr/include/c++/11/bits/ostream.tcc:321:5:[m[K [01;36m[Knote: [m[Kcandidate: ‘[01m[Ktemplate<class _CharT, class _Traits> std::basic_ostream<_CharT, _Traits>& std::operator<<(std::basic_ostream<_CharT, _Traits>&, const char*)[m[K’
[11.613s]   321 |     [01;36m[Koperator[m[K<<(basic_ostream<_CharT, _Traits>& __out, const char* __s)
[11.613s]       |     [01;36m[K^~~~~~~~[m[K
[11.613s] [01m[K/usr/include/c++/11/bits/ostream.tcc:321:5:[m[K [01;36m[Knote: [m[K  template argument deduction/substitution failed:
[11.613s] [01m[K/home/pdy/kdta_ws/src/simple_pkg_cpp/src/hello_publisher.cpp:21:32:[m[K [01;36m[Knote: [m[K  cannot convert ‘[01m[Kstd::end[m[K’ (type ‘[01m[K<unresolved overloaded function type>[m[K’) to type ‘[01m[Kconst char*[m[K’
[11.613s]    21 |     cout << "Hello, World!" << [01;36m[Kend[m[K;
[11.613s]       |                                [01;36m[K^~~[m[K
[11.614s] In file included from [01m[K/usr/include/c++/11/iostream:39[m[K,
[11.614s]                  from [01m[K/home/pdy/kdta_ws/src/simple_pkg_cpp/src/hello_publisher.cpp:1[m[K:
[11.614s] [01m[K/usr/include/c++/11/ostream:611:5:[m[K [01;36m[Knote: [m[Kcandidate: ‘[01m[Ktemplate<class _Traits> std::basic_ostream<char, _Traits>& std::operator<<(std::basic_ostream<char, _Traits>&, const char*)[m[K’
[11.614s]   611 |     [01;36m[Koperator[m[K<<(basic_ostream<char, _Traits>& __out, const char* __s)
[11.614s]       |     [01;36m[K^~~~~~~~[m[K
[11.614s] [01m[K/usr/include/c++/11/ostream:611:5:[m[K [01;36m[Knote: [m[K  template argument deduction/substitution failed:
[11.615s] [01m[K/home/pdy/kdta_ws/src/simple_pkg_cpp/src/hello_publisher.cpp:21:32:[m[K [01;36m[Knote: [m[K  cannot convert ‘[01m[Kstd::end[m[K’ (type ‘[01m[K<unresolved overloaded function type>[m[K’) to type ‘[01m[Kconst char*[m[K’
[11.615s]    21 |     cout << "Hello, World!" << [01;36m[Kend[m[K;
[11.615s]       |                                [01;36m[K^~~[m[K
[11.615s] In file included from [01m[K/usr/include/c++/11/iostream:39[m[K,
[11.615s]                  from [01m[K/home/pdy/kdta_ws/src/simple_pkg_cpp/src/hello_publisher.cpp:1[m[K:
[11.615s] [01m[K/usr/include/c++/11/ostream:624:5:[m[K [01;36m[Knote: [m[Kcandidate: ‘[01m[Ktemplate<class _Traits> std::basic_ostream<char, _Traits>& std::operator<<(std::basic_ostream<char, _Traits>&, const signed char*)[m[K’
[11.615s]   624 |     [01;36m[Koperator[m[K<<(basic_ostream<char, _Traits>& __out, const signed char* __s)
[11.616s]       |     [01;36m[K^~~~~~~~[m[K
[11.616s] [01m[K/usr/include/c++/11/ostream:624:5:[m[K [01;36m[Knote: [m[K  template argument deduction/substitution failed:
[11.616s] [01m[K/home/pdy/kdta_ws/src/simple_pkg_cpp/src/hello_publisher.cpp:21:32:[m[K [01;36m[Knote: [m[K  cannot convert ‘[01m[Kstd::end[m[K’ (type ‘[01m[K<unresolved overloaded function type>[m[K’) to type ‘[01m[Kconst signed char*[m[K’
[11.628s]    21 |     cout << "Hello, World!" << [01;36m[Kend[m[K;
[11.629s]       |                                [01;36m[K^~~[m[K
[11.629s] In file included from [01m[K/usr/include/c++/11/iostream:39[m[K,
[11.629s]                  from [01m[K/home/pdy/kdta_ws/src/simple_pkg_cpp/src/hello_publisher.cpp:1[m[K:
[11.629s] [01m[K/usr/include/c++/11/ostream:629:5:[m[K [01;36m[Knote: [m[Kcandidate: ‘[01m[Ktemplate<class _Traits> std::basic_ostream<char, _Traits>& std::operator<<(std::basic_ostream<char, _Traits>&, const unsigned char*)[m[K’
[11.629s]   629 |     [01;36m[Koperator[m[K<<(basic_ostream<char, _Traits>& __out, const unsigned char* __s)
[11.630s]       |     [01;36m[K^~~~~~~~[m[K
[11.630s] [01m[K/usr/include/c++/11/ostream:629:5:[m[K [01;36m[Knote: [m[K  template argument deduction/substitution failed:
[11.630s] [01m[K/home/pdy/kdta_ws/src/simple_pkg_cpp/src/hello_publisher.cpp:21:32:[m[K [01;36m[Knote: [m[K  cannot convert ‘[01m[Kstd::end[m[K’ (type ‘[01m[K<unresolved overloaded function type>[m[K’) to type ‘[01m[Kconst unsigned char*[m[K’
[11.630s]    21 |     cout << "Hello, World!" << [01;36m[Kend[m[K;
[11.630s]       |                                [01;36m[K^~~[m[K
[11.631s] In file included from [01m[K/usr/include/c++/11/iostream:39[m[K,
[11.631s]                  from [01m[K/home/pdy/kdta_ws/src/simple_pkg_cpp/src/hello_publisher.cpp:1[m[K:
[11.631s] [01m[K/usr/include/c++/11/ostream:750:5:[m[K [01;36m[Knote: [m[Kcandidate: ‘[01m[Ktemplate<class _Ostream, class _Tp> _Ostream&& std::operator<<(_Ostream&&, const _Tp&)[m[K’
[11.631s]   750 |     [01;36m[Koperator[m[K<<(_Ostream&& __os, const _Tp& __x)
[11.631s]       |     [01;36m[K^~~~~~~~[m[K
[11.632s] [01m[K/usr/include/c++/11/ostream:750:5:[m[K [01;36m[Knote: [m[K  template argument deduction/substitution failed:
[11.632s] [01m[K/home/pdy/kdta_ws/src/simple_pkg_cpp/src/hello_publisher.cpp:21:32:[m[K [01;36m[Knote: [m[K  couldn’t deduce template parameter ‘[01m[K_Tp[m[K’
[11.632s]    21 |     cout << "Hello, World!" << [01;36m[Kend[m[K;
[11.632s]       |                                [01;36m[K^~~[m[K
[11.632s] In file included from [01m[K/usr/include/c++/11/memory:77[m[K,
[11.632s]                  from [01m[K/opt/ros/humble/include/rclcpp/rclcpp/rclcpp.hpp:153[m[K,
[11.633s]                  from [01m[K/home/pdy/kdta_ws/src/simple_pkg_cpp/src/hello_publisher.cpp:2[m[K:
[11.633s] [01m[K/usr/include/c++/11/bits/shared_ptr.h:70:5:[m[K [01;36m[Knote: [m[Kcandidate: ‘[01m[Ktemplate<class _Ch, class _Tr, class _Tp, __gnu_cxx::_Lock_policy _Lp> std::basic_ostream<_CharT, _Traits>& std::operator<<(std::basic_ostream<_CharT, _Traits>&, const std::__shared_ptr<_Tp, _Lp>&)[m[K’
[11.633s]    70 |     [01;36m[Koperator[m[K<<(std::basic_ostream<_Ch, _Tr>& __os,
[11.633s]       |     [01;36m[K^~~~~~~~[m[K
[11.633s] [01m[K/usr/include/c++/11/bits/shared_ptr.h:70:5:[m[K [01;36m[Knote: [m[K  template argument deduction/substitution failed:
[11.633s] [01m[K/home/pdy/kdta_ws/src/simple_pkg_cpp/src/hello_publisher.cpp:21:32:[m[K [01;36m[Knote: [m[K  couldn’t deduce template parameter ‘[01m[K_Tp[m[K’
[11.634s]    21 |     cout << "Hello, World!" << [01;36m[Kend[m[K;
[11.634s]       |                                [01;36m[K^~~[m[K
[11.634s] In file included from [01m[K/opt/ros/humble/include/rclcpp/rclcpp/executors/multi_threaded_executor.hpp:22[m[K,
[11.634s]                  from [01m[K/opt/ros/humble/include/rclcpp/rclcpp/executors.hpp:21[m[K,
[11.634s]                  from [01m[K/opt/ros/humble/include/rclcpp/rclcpp/rclcpp.hpp:155[m[K,
[11.634s]                  from [01m[K/home/pdy/kdta_ws/src/simple_pkg_cpp/src/hello_publisher.cpp:2[m[K:
[11.634s] [01m[K/usr/include/c++/11/thread:92:5:[m[K [01;36m[Knote: [m[Kcandidate: ‘[01m[Ktemplate<class _CharT, class _Traits> std::basic_ostream<_CharT, _Traits>& std::operator<<(std::basic_ostream<_CharT, _Traits>&, std::thread::id)[m[K’
[11.635s]    92 |     [01;36m[Koperator[m[K<<(basic_ostream<_CharT, _Traits>& __out, thread::id __id)
[11.635s]       |     [01;36m[K^~~~~~~~[m[K
[11.635s] [01m[K/usr/include/c++/11/thread:92:5:[m[K [01;36m[Knote: [m[K  template argument deduction/substitution failed:
[11.635s] [01m[K/home/pdy/kdta_ws/src/simple_pkg_cpp/src/hello_publisher.cpp:21:32:[m[K [01;36m[Knote: [m[K  cannot convert ‘[01m[Kstd::end[m[K’ (type ‘[01m[K<unresolved overloaded function type>[m[K’) to type ‘[01m[Kstd::thread::id[m[K’
[11.635s]    21 |     cout << "Hello, World!" << [01;36m[Kend[m[K;
[11.647s]       |                                [01;36m[K^~~[m[K
[11.648s] In file included from [01m[K/opt/ros/humble/include/rosidl_runtime_cpp/rosidl_runtime_cpp/traits.hpp:19[m[K,
[11.648s]                  from [01m[K/opt/ros/humble/include/builtin_interfaces/builtin_interfaces/msg/detail/duration__traits.hpp:15[m[K,
[11.648s]                  from [01m[K/opt/ros/humble/include/builtin_interfaces/builtin_interfaces/msg/duration.hpp:9[m[K,
[11.648s]                  from [01m[K/opt/ros/humble/include/rclcpp/rclcpp/duration.hpp:20[m[K,
[11.649s]                  from [01m[K/opt/ros/humble/include/rclcpp/rclcpp/qos.hpp:20[m[K,
[11.649s]                  from [01m[K/opt/ros/humble/include/rclcpp/rclcpp/node_interfaces/node_graph_interface.hpp:32[m[K,
[11.649s]                  from [01m[K/opt/ros/humble/include/rclcpp/rclcpp/client.hpp:42[m[K,
[11.649s]                  from [01m[K/opt/ros/humble/include/rclcpp/rclcpp/callback_group.hpp:24[m[K,
[11.649s]                  from [01m[K/opt/ros/humble/include/rclcpp/rclcpp/any_executable.hpp:20[m[K,
[11.649s]                  from [01m[K/opt/ros/humble/include/rclcpp/rclcpp/memory_strategy.hpp:25[m[K,
[11.650s]                  from [01m[K/opt/ros/humble/include/rclcpp/rclcpp/memory_strategies.hpp:18[m[K,
[11.650s]                  from [01m[K/opt/ros/humble/include/rclcpp/rclcpp/executor_options.hpp:20[m[K,
[11.650s]                  from [01m[K/opt/ros/humble/include/rclcpp/rclcpp/executor.hpp:37[m[K,
[11.650s]                  from [01m[K/opt/ros/humble/include/rclcpp/rclcpp/executors/multi_threaded_executor.hpp:25[m[K,
[11.650s]                  from [01m[K/opt/ros/humble/include/rclcpp/rclcpp/executors.hpp:21[m[K,
[11.650s]                  from [01m[K/opt/ros/humble/include/rclcpp/rclcpp/rclcpp.hpp:155[m[K,
[11.651s]                  from [01m[K/home/pdy/kdta_ws/src/simple_pkg_cpp/src/hello_publisher.cpp:2[m[K:
[11.651s] [01m[K/usr/include/c++/11/iomanip:79:5:[m[K [01;36m[Knote: [m[Kcandidate: ‘[01m[Ktemplate<class _CharT, class _Traits> std::basic_ostream<_CharT, _Traits>& std::operator<<(std::basic_ostream<_CharT, _Traits>&, std::_Resetiosflags)[m[K’
[11.651s]    79 |     [01;36m[Koperator[m[K<<(basic_ostream<_CharT, _Traits>& __os, _Resetiosflags __f)
[11.651s]       |     [01;36m[K^~~~~~~~[m[K
[11.651s] [01m[K/usr/include/c++/11/iomanip:79:5:[m[K [01;36m[Knote: [m[K  template argument deduction/substitution failed:
[11.651s] [01m[K/home/pdy/kdta_ws/src/simple_pkg_cpp/src/hello_publisher.cpp:21:32:[m[K [01;36m[Knote: [m[K  cannot convert ‘[01m[Kstd::end[m[K’ (type ‘[01m[K<unresolved overloaded function type>[m[K’) to type ‘[01m[Kstd::_Resetiosflags[m[K’
[11.652s]    21 |     cout << "Hello, World!" << [01;36m[Kend[m[K;
[11.652s]       |                                [01;36m[K^~~[m[K
[11.652s] In file included from [01m[K/opt/ros/humble/include/rosidl_runtime_cpp/rosidl_runtime_cpp/traits.hpp:19[m[K,
[11.652s]                  from [01m[K/opt/ros/humble/include/builtin_interfaces/builtin_interfaces/msg/detail/duration__traits.hpp:15[m[K,
[11.662s]                  from [01m[K/opt/ros/humble/include/builtin_interfaces/builtin_interfaces/msg/duration.hpp:9[m[K,
[11.662s]                  from [01m[K/opt/ros/humble/include/rclcpp/rclcpp/duration.hpp:20[m[K,
[11.662s]                  from [01m[K/opt/ros/humble/include/rclcpp/rclcpp/qos.hpp:20[m[K,
[11.662s]                  from [01m[K/opt/ros/humble/include/rclcpp/rclcpp/node_interfaces/node_graph_interface.hpp:32[m[K,
[11.663s]                  from [01m[K/opt/ros/humble/include/rclcpp/rclcpp/client.hpp:42[m[K,
[11.663s]                  from [01m[K/opt/ros/humble/include/rclcpp/rclcpp/callback_group.hpp:24[m[K,
[11.663s]                  from [01m[K/opt/ros/humble/include/rclcpp/rclcpp/any_executable.hpp:20[m[K,
[11.663s]                  from [01m[K/opt/ros/humble/include/rclcpp/rclcpp/memory_strategy.hpp:25[m[K,
[11.663s]                  from [01m[K/opt/ros/humble/include/rclcpp/rclcpp/memory_strategies.hpp:18[m[K,
[11.663s]                  from [01m[K/opt/ros/humble/include/rclcpp/rclcpp/executor_options.hpp:20[m[K,
[11.664s]                  from [01m[K/opt/ros/humble/include/rclcpp/rclcpp/executor.hpp:37[m[K,
[11.664s]                  from [01m[K/opt/ros/humble/include/rclcpp/rclcpp/executors/multi_threaded_executor.hpp:25[m[K,
[11.664s]                  from [01m[K/opt/ros/humble/include/rclcpp/rclcpp/executors.hpp:21[m[K,
[11.664s]                  from [01m[K/opt/ros/humble/include/rclcpp/rclcpp/rclcpp.hpp:155[m[K,
[11.664s]                  from [01m[K/home/pdy/kdta_ws/src/simple_pkg_cpp/src/hello_publisher.cpp:2[m[K:
[11.664s] [01m[K/usr/include/c++/11/iomanip:109:5:[m[K [01;36m[Knote: [m[Kcandidate: ‘[01m[Ktemplate<class _CharT, class _Traits> std::basic_ostream<_CharT, _Traits>& std::operator<<(std::basic_ostream<_CharT, _Traits>&, std::_Setiosflags)[m[K’
[11.664s]   109 |     [01;36m[Koperator[m[K<<(basic_ostream<_CharT, _Traits>& __os, _Setiosflags __f)
[11.665s]       |     [01;36m[K^~~~~~~~[m[K
[11.665s] [01m[K/usr/include/c++/11/iomanip:109:5:[m[K [01;36m[Knote: [m[K  template argument deduction/substitution failed:
[11.665s] [01m[K/home/pdy/kdta_ws/src/simple_pkg_cpp/src/hello_publisher.cpp:21:32:[m[K [01;36m[Knote: [m[K  cannot convert ‘[01m[Kstd::end[m[K’ (type ‘[01m[K<unresolved overloaded function type>[m[K’) to type ‘[01m[Kstd::_Setiosflags[m[K’
[11.665s]    21 |     cout << "Hello, World!" << [01;36m[Kend[m[K;
[11.665s]       |                                [01;36m[K^~~[m[K
[11.665s] In file included from [01m[K/opt/ros/humble/include/rosidl_runtime_cpp/rosidl_runtime_cpp/traits.hpp:19[m[K,
[11.666s]                  from [01m[K/opt/ros/humble/include/builtin_interfaces/builtin_interfaces/msg/detail/duration__traits.hpp:15[m[K,
[11.666s]                  from [01m[K/opt/ros/humble/include/builtin_interfaces/builtin_interfaces/msg/duration.hpp:9[m[K,
[11.666s]                  from [01m[K/opt/ros/humble/include/rclcpp/rclcpp/duration.hpp:20[m[K,
[11.666s]                  from [01m[K/opt/ros/humble/include/rclcpp/rclcpp/qos.hpp:20[m[K,
[11.666s]                  from [01m[K/opt/ros/humble/include/rclcpp/rclcpp/node_interfaces/node_graph_interface.hpp:32[m[K,
[11.666s]                  from [01m[K/opt/ros/humble/include/rclcpp/rclcpp/client.hpp:42[m[K,
[11.666s]                  from [01m[K/opt/ros/humble/include/rclcpp/rclcpp/callback_group.hpp:24[m[K,
[11.667s]                  from [01m[K/opt/ros/humble/include/rclcpp/rclcpp/any_executable.hpp:20[m[K,
[11.667s]                  from [01m[K/opt/ros/humble/include/rclcpp/rclcpp/memory_strategy.hpp:25[m[K,
[11.667s]                  from [01m[K/opt/ros/humble/include/rclcpp/rclcpp/memory_strategies.hpp:18[m[K,
[11.667s]                  from [01m[K/opt/ros/humble/include/rclcpp/rclcpp/executor_options.hpp:20[m[K,
[11.676s]                  from [01m[K/opt/ros/humble/include/rclcpp/rclcpp/executor.hpp:37[m[K,
[11.676s]                  from [01m[K/opt/ros/humble/include/rclcpp/rclcpp/executors/multi_threaded_executor.hpp:25[m[K,
[11.676s]                  from [01m[K/opt/ros/humble/include/rclcpp/rclcpp/executors.hpp:21[m[K,
[11.677s]                  from [01m[K/opt/ros/humble/include/rclcpp/rclcpp/rclcpp.hpp:155[m[K,
[11.677s]                  from [01m[K/home/pdy/kdta_ws/src/simple_pkg_cpp/src/hello_publisher.cpp:2[m[K:
[11.677s] [01m[K/usr/include/c++/11/iomanip:143:5:[m[K [01;36m[Knote: [m[Kcandidate: ‘[01m[Ktemplate<class _CharT, class _Traits> std::basic_ostream<_CharT, _Traits>& std::operator<<(std::basic_ostream<_CharT, _Traits>&, std::_Setbase)[m[K’
[11.677s]   143 |     [01;36m[Koperator[m[K<<(basic_ostream<_CharT, _Traits>& __os, _Setbase __f)
[11.677s]       |     [01;36m[K^~~~~~~~[m[K
[11.677s] [01m[K/usr/include/c++/11/iomanip:143:5:[m[K [01;36m[Knote: [m[K  template argument deduction/substitution failed:
[11.677s] [01m[K/home/pdy/kdta_ws/src/simple_pkg_cpp/src/hello_publisher.cpp:21:32:[m[K [01;36m[Knote: [m[K  cannot convert ‘[01m[Kstd::end[m[K’ (type ‘[01m[K<unresolved overloaded function type>[m[K’) to type ‘[01m[Kstd::_Setbase[m[K’
[11.678s]    21 |     cout << "Hello, World!" << [01;36m[Kend[m[K;
[11.678s]       |                                [01;36m[K^~~[m[K
[11.678s] In file included from [01m[K/opt/ros/humble/include/rosidl_runtime_cpp/rosidl_runtime_cpp/traits.hpp:19[m[K,
[11.678s]                  from [01m[K/opt/ros/humble/include/builtin_interfaces/builtin_interfaces/msg/detail/duration__traits.hpp:15[m[K,
[11.678s]                  from [01m[K/opt/ros/humble/include/builtin_interfaces/builtin_interfaces/msg/duration.hpp:9[m[K,
[11.678s]                  from [01m[K/opt/ros/humble/include/rclcpp/rclcpp/duration.hpp:20[m[K,
[11.679s]                  from [01m[K/opt/ros/humble/include/rclcpp/rclcpp/qos.hpp:20[m[K,
[11.679s]                  from [01m[K/opt/ros/humble/include/rclcpp/rclcpp/node_interfaces/node_graph_interface.hpp:32[m[K,
[11.679s]                  from [01m[K/opt/ros/humble/include/rclcpp/rclcpp/client.hpp:42[m[K,
[11.679s]                  from [01m[K/opt/ros/humble/include/rclcpp/rclcpp/callback_group.hpp:24[m[K,
[11.679s]                  from [01m[K/opt/ros/humble/include/rclcpp/rclcpp/any_executable.hpp:20[m[K,
[11.679s]                  from [01m[K/opt/ros/humble/include/rclcpp/rclcpp/memory_strategy.hpp:25[m[K,
[11.679s]                  from [01m[K/opt/ros/humble/include/rclcpp/rclcpp/memory_strategies.hpp:18[m[K,
[11.684s]                  from [01m[K/opt/ros/humble/include/rclcpp/rclcpp/executor_options.hpp:20[m[K,
[11.684s]                  from [01m[K/opt/ros/humble/include/rclcpp/rclcpp/executor.hpp:37[m[K,
[11.685s]                  from [01m[K/opt/ros/humble/include/rclcpp/rclcpp/executors/multi_threaded_executor.hpp:25[m[K,
[11.685s]                  from [01m[K/opt/ros/humble/include/rclcpp/rclcpp/executors.hpp:21[m[K,
[11.685s]                  from [01m[K/opt/ros/humble/include/rclcpp/rclcpp/rclcpp.hpp:155[m[K,
[11.692s]                  from [01m[K/home/pdy/kdta_ws/src/simple_pkg_cpp/src/hello_publisher.cpp:2[m[K:
[11.692s] [01m[K/usr/include/c++/11/iomanip:178:5:[m[K [01;36m[Knote: [m[Kcandidate: ‘[01m[Kstd::basic_ostream<_CharT, _Traits>& std::operator<<(std::basic_ostream<_CharT, _Traits>&, std::_Setfill<_CharT>) [with _CharT = char; _Traits = std::char_traits<char>][m[K’
[11.693s]   178 |     [01;36m[Koperator[m[K<<(basic_ostream<_CharT, _Traits>& __os, _Setfill<_CharT> __f)
[11.693s]       |     [01;36m[K^~~~~~~~[m[K
[11.693s] [01m[K/usr/include/c++/11/iomanip:178:71:[m[K [01;36m[Knote: [m[K  no known conversion for argument 2 from ‘[01m[K<unresolved overloaded function type>[m[K’ to ‘[01m[Kstd::_Setfill<char>[m[K’
[11.693s]   178 |  operator<<(basic_ostream<_CharT, _Traits>& __os, [01;36m[K_Setfill<_CharT> __f[m[K)
[11.693s]       |                                                   [01;36m[K~~~~~~~~~~~~~~~~~^~~[m[K
[11.693s] 
[11.694s] [01m[K/usr/include/c++/11/iomanip:208:5:[m[K [01;36m[Knote: [m[Kcandidate: ‘[01m[Ktemplate<class _CharT, class _Traits> std::basic_ostream<_CharT, _Traits>& std::operator<<(std::basic_ostream<_CharT, _Traits>&, std::_Setprecision)[m[K’
[11.694s]   208 |     [01;36m[Koperator[m[K<<(basic_ostream<_CharT, _Traits>& __os, _Setprecision __f)
[11.694s]       |     [01;36m[K^~~~~~~~[m[K
[11.694s] [01m[K/usr/include/c++/11/iomanip:208:5:[m[K [01;36m[Knote: [m[K  template argument deduction/substitution failed:
[11.694s] [01m[K/home/pdy/kdta_ws/src/simple_pkg_cpp/src/hello_publisher.cpp:21:32:[m[K [01;36m[Knote: [m[K  cannot convert ‘[01m[Kstd::end[m[K’ (type ‘[01m[K<unresolved overloaded function type>[m[K’) to type ‘[01m[Kstd::_Setprecision[m[K’
[11.694s]    21 |     cout << "Hello, World!" << [01;36m[Kend[m[K;
[11.695s]       |                                [01;36m[K^~~[m[K
[11.695s] In file included from [01m[K/opt/ros/humble/include/rosidl_runtime_cpp/rosidl_runtime_cpp/traits.hpp:19[m[K,
[11.695s]                  from [01m[K/opt/ros/humble/include/builtin_interfaces/builtin_interfaces/msg/detail/duration__traits.hpp:15[m[K,
[11.695s]                  from [01m[K/opt/ros/humble/include/builtin_interfaces/builtin_interfaces/msg/duration.hpp:9[m[K,
[11.695s]                  from [01m[K/opt/ros/humble/include/rclcpp/rclcpp/duration.hpp:20[m[K,
[11.704s]                  from [01m[K/opt/ros/humble/include/rclcpp/rclcpp/qos.hpp:20[m[K,
[11.704s]                  from [01m[K/opt/ros/humble/include/rclcpp/rclcpp/node_interfaces/node_graph_interface.hpp:32[m[K,
[11.704s]                  from [01m[K/opt/ros/humble/include/rclcpp/rclcpp/client.hpp:42[m[K,
[11.705s]                  from [01m[K/opt/ros/humble/include/rclcpp/rclcpp/callback_group.hpp:24[m[K,
[11.705s]                  from [01m[K/opt/ros/humble/include/rclcpp/rclcpp/any_executable.hpp:20[m[K,
[11.705s]                  from [01m[K/opt/ros/humble/include/rclcpp/rclcpp/memory_strategy.hpp:25[m[K,
[11.705s]                  from [01m[K/opt/ros/humble/include/rclcpp/rclcpp/memory_strategies.hpp:18[m[K,
[11.705s]                  from [01m[K/opt/ros/humble/include/rclcpp/rclcpp/executor_options.hpp:20[m[K,
[11.705s]                  from [01m[K/opt/ros/humble/include/rclcpp/rclcpp/executor.hpp:37[m[K,
[11.706s]                  from [01m[K/opt/ros/humble/include/rclcpp/rclcpp/executors/multi_threaded_executor.hpp:25[m[K,
[11.706s]                  from [01m[K/opt/ros/humble/include/rclcpp/rclcpp/executors.hpp:21[m[K,
[11.706s]                  from [01m[K/opt/ros/humble/include/rclcpp/rclcpp/rclcpp.hpp:155[m[K,
[11.706s]                  from [01m[K/home/pdy/kdta_ws/src/simple_pkg_cpp/src/hello_publisher.cpp:2[m[K:
[11.706s] [01m[K/usr/include/c++/11/iomanip:238:5:[m[K [01;36m[Knote: [m[Kcandidate: ‘[01m[Ktemplate<class _CharT, class _Traits> std::basic_ostream<_CharT, _Traits>& std::operator<<(std::basic_ostream<_CharT, _Traits>&, std::_Setw)[m[K’
[11.706s]   238 |     [01;36m[Koperator[m[K<<(basic_ostream<_CharT, _Traits>& __os, _Setw __f)
[11.707s]       |     [01;36m[K^~~~~~~~[m[K
[11.707s] [01m[K/usr/include/c++/11/iomanip:238:5:[m[K [01;36m[Knote: [m[K  template argument deduction/substitution failed:
[11.707s] [01m[K/home/pdy/kdta_ws/src/simple_pkg_cpp/src/hello_publisher.cpp:21:32:[m[K [01;36m[Knote: [m[K  cannot convert ‘[01m[Kstd::end[m[K’ (type ‘[01m[K<unresolved overloaded function type>[m[K’) to type ‘[01m[Kstd::_Setw[m[K’
[11.707s]    21 |     cout << "Hello, World!" << [01;36m[Kend[m[K;
[11.707s]       |                                [01;36m[K^~~[m[K
[11.707s] In file included from [01m[K/opt/ros/humble/include/rosidl_runtime_cpp/rosidl_runtime_cpp/traits.hpp:19[m[K,
[11.708s]                  from [01m[K/opt/ros/humble/include/builtin_interfaces/builtin_interfaces/msg/detail/duration__traits.hpp:15[m[K,
[11.708s]                  from [01m[K/opt/ros/humble/include/builtin_interfaces/builtin_interfaces/msg/duration.hpp:9[m[K,
[11.708s]                  from [01m[K/opt/ros/humble/include/rclcpp/rclcpp/duration.hpp:20[m[K,
[11.708s]                  from [01m[K/opt/ros/humble/include/rclcpp/rclcpp/qos.hpp:20[m[K,
[11.708s]                  from [01m[K/opt/ros/humble/include/rclcpp/rclcpp/node_interfaces/node_graph_interface.hpp:32[m[K,
[11.708s]                  from [01m[K/opt/ros/humble/include/rclcpp/rclcpp/client.hpp:42[m[K,
[11.709s]                  from [01m[K/opt/ros/humble/include/rclcpp/rclcpp/callback_group.hpp:24[m[K,
[11.709s]                  from [01m[K/opt/ros/humble/include/rclcpp/rclcpp/any_executable.hpp:20[m[K,
[11.709s]                  from [01m[K/opt/ros/humble/include/rclcpp/rclcpp/memory_strategy.hpp:25[m[K,
[11.709s]                  from [01m[K/opt/ros/humble/include/rclcpp/rclcpp/memory_strategies.hpp:18[m[K,
[11.709s]                  from [01m[K/opt/ros/humble/include/rclcpp/rclcpp/executor_options.hpp:20[m[K,
[11.709s]                  from [01m[K/opt/ros/humble/include/rclcpp/rclcpp/executor.hpp:37[m[K,
[11.709s]                  from [01m[K/opt/ros/humble/include/rclcpp/rclcpp/executors/multi_threaded_executor.hpp:25[m[K,
[11.710s]                  from [01m[K/opt/ros/humble/include/rclcpp/rclcpp/executors.hpp:21[m[K,
[11.710s]                  from [01m[K/opt/ros/humble/include/rclcpp/rclcpp/rclcpp.hpp:155[m[K,
[11.710s]                  from [01m[K/home/pdy/kdta_ws/src/simple_pkg_cpp/src/hello_publisher.cpp:2[m[K:
[11.710s] [01m[K/usr/include/c++/11/iomanip:311:5:[m[K [01;36m[Knote: [m[Kcandidate: ‘[01m[Ktemplate<class _CharT, class _Traits, class _MoneyT> std::basic_ostream<_CharT, _Traits>& std::operator<<(std::basic_ostream<_CharT, _Traits>&, std::_Put_money<_MoneyT>)[m[K’
[11.710s]   311 |     [01;36m[Koperator[m[K<<(basic_ostream<_CharT, _Traits>& __os, _Put_money<_MoneyT> __f)
[11.710s]       |     [01;36m[K^~~~~~~~[m[K
[11.711s] [01m[K/usr/include/c++/11/iomanip:311:5:[m[K [01;36m[Knote: [m[K  template argument deduction/substitution failed:
[11.711s] [01m[K/home/pdy/kdta_ws/src/simple_pkg_cpp/src/hello_publisher.cpp:21:32:[m[K [01;36m[Knote: [m[K  couldn’t deduce template parameter ‘[01m[K_MoneyT[m[K’
[11.711s]    21 |     cout << "Hello, World!" << [01;36m[Kend[m[K;
[11.711s]       |                                [01;36m[K^~~[m[K
[11.724s] In file included from [01m[K/opt/ros/humble/include/rosidl_runtime_cpp/rosidl_runtime_cpp/traits.hpp:19[m[K,
[11.724s]                  from [01m[K/opt/ros/humble/include/builtin_interfaces/builtin_interfaces/msg/detail/duration__traits.hpp:15[m[K,
[11.724s]                  from [01m[K/opt/ros/humble/include/builtin_interfaces/builtin_interfaces/msg/duration.hpp:9[m[K,
[11.725s]                  from [01m[K/opt/ros/humble/include/rclcpp/rclcpp/duration.hpp:20[m[K,
[11.725s]                  from [01m[K/opt/ros/humble/include/rclcpp/rclcpp/qos.hpp:20[m[K,
[11.725s]                  from [01m[K/opt/ros/humble/include/rclcpp/rclcpp/node_interfaces/node_graph_interface.hpp:32[m[K,
[11.725s]                  from [01m[K/opt/ros/humble/include/rclcpp/rclcpp/client.hpp:42[m[K,
[11.726s]                  from [01m[K/opt/ros/humble/include/rclcpp/rclcpp/callback_group.hpp:24[m[K,
[11.726s]                  from [01m[K/opt/ros/humble/include/rclcpp/rclcpp/any_executable.hpp:20[m[K,
[11.726s]                  from [01m[K/opt/ros/humble/include/rclcpp/rclcpp/memory_strategy.hpp:25[m[K,
[11.726s]                  from [01m[K/opt/ros/humble/include/rclcpp/rclcpp/memory_strategies.hpp:18[m[K,
[11.726s]                  from [01m[K/opt/ros/humble/include/rclcpp/rclcpp/executor_options.hpp:20[m[K,
[11.726s]                  from [01m[K/opt/ros/humble/include/rclcpp/rclcpp/executor.hpp:37[m[K,
[11.727s]                  from [01m[K/opt/ros/humble/include/rclcpp/rclcpp/executors/multi_threaded_executor.hpp:25[m[K,
[11.727s]                  from [01m[K/opt/ros/humble/include/rclcpp/rclcpp/executors.hpp:21[m[K,
[11.727s]                  from [01m[K/opt/ros/humble/include/rclcpp/rclcpp/rclcpp.hpp:155[m[K,
[11.727s]                  from [01m[K/home/pdy/kdta_ws/src/simple_pkg_cpp/src/hello_publisher.cpp:2[m[K:
[11.728s] [01m[K/usr/include/c++/11/iomanip:363:5:[m[K [01;36m[Knote: [m[Kcandidate: ‘[01m[Kstd::basic_ostream<_CharT, _Traits>& std::operator<<(std::basic_ostream<_CharT, _Traits>&, std::_Put_time<_CharT>) [with _CharT = char; _Traits = std::char_traits<char>][m[K’
[11.728s]   363 |     [01;36m[Koperator[m[K<<(basic_ostream<_CharT, _Traits>& __os, _Put_time<_CharT> __f)
[11.728s]       |     [01;36m[K^~~~~~~~[m[K
[11.736s] [01m[K/usr/include/c++/11/iomanip:363:72:[m[K [01;36m[Knote: [m[K  no known conversion for argument 2 from ‘[01m[K<unresolved overloaded function type>[m[K’ to ‘[01m[Kstd::_Put_time<char>[m[K’
[11.736s]   363 | operator<<(basic_ostream<_CharT, _Traits>& __os, [01;36m[K_Put_time<_CharT> __f[m[K)
[11.736s]       |                                                  [01;36m[K~~~~~~~~~~~~~~~~~~^~~[m[K
[11.736s] 
[13.755s] gmake[2]: *** [CMakeFiles/hello_publisher.dir/build.make:76: CMakeFiles/hello_publisher.dir/src/hello_publisher.cpp.o] Error 1
[13.759s] gmake[1]: *** [CMakeFiles/Makefile2:193: CMakeFiles/hello_publisher.dir/all] Error 2
[13.759s] gmake: *** [Makefile:146: all] Error 2
[13.761s] Invoked command in '/home/pdy/kdta_ws/build/simple_pkg_cpp' returned '2': CMAKE_PREFIX_PATH=${CMAKE_PREFIX_PATH}:/opt/ros/humble /usr/bin/cmake --build /home/pdy/kdta_ws/build/simple_pkg_cpp -- -j2 -l2
