[0.080s] Invoking command in '/home/pdy/kdta_ws/build/turtlebot3_fake_node': CMAKE_PREFIX_PATH=${CMAKE_PREFIX_PATH}:/opt/ros/humble /usr/bin/cmake /home/pdy/kdta_ws/src/turtlebot3_simulations/turtlebot3_fake_node -DAMENT_CMAKE_SYMLINK_INSTALL=1 -DCMAKE_INSTALL_PREFIX=/home/pdy/kdta_ws/install/turtlebot3_fake_node
[0.621s] -- The C compiler identification is GNU 11.4.0
[0.902s] -- The CXX compiler identification is GNU 11.4.0
[0.961s] -- Detecting C compiler ABI info
[1.327s] -- Detecting C compiler ABI info - done
[1.364s] -- Check for working C compiler: /usr/bin/cc - skipped
[1.365s] -- Detecting C compile features
[1.368s] -- Detecting C compile features - done
[1.390s] -- Detecting CXX compiler ABI info
[1.759s] -- Detecting CXX compiler ABI info - done
[1.802s] -- Check for working CXX compiler: /usr/bin/c++ - skipped
[1.802s] -- Detecting CXX compile features
[1.802s] -- Detecting CXX compile features - done
[1.838s] -- Found ament_cmake: 1.3.9 (/opt/ros/humble/share/ament_cmake/cmake)
[2.513s] -- Found Python3: /usr/bin/python3 (found version "3.10.12") found components: Interpreter 
[2.814s] -- Override CMake install command with custom implementation using symlinks instead of copying resources
[3.031s] -- Found geometry_msgs: 4.2.4 (/opt/ros/humble/share/geometry_msgs/cmake)
[3.319s] -- Found rosidl_generator_c: 3.1.5 (/opt/ros/humble/share/rosidl_generator_c/cmake)
[3.357s] -- Found rosidl_adapter: 3.1.5 (/opt/ros/humble/share/rosidl_adapter/cmake)
[3.433s] -- Found rosidl_generator_cpp: 3.1.5 (/opt/ros/humble/share/rosidl_generator_cpp/cmake)
[3.542s] -- Using all available rosidl_typesupport_c: rosidl_typesupport_fastrtps_c;rosidl_typesupport_introspection_c
[3.703s] -- Using all available rosidl_typesupport_cpp: rosidl_typesupport_fastrtps_cpp;rosidl_typesupport_introspection_cpp
[4.317s] -- Found nav_msgs: 4.2.4 (/opt/ros/humble/share/nav_msgs/cmake)
[4.860s] -- Found rclcpp: 16.0.9 (/opt/ros/humble/share/rclcpp/cmake)
[5.415s] -- Found rmw_implementation_cmake: 6.1.2 (/opt/ros/humble/share/rmw_implementation_cmake/cmake)
[5.428s] -- Found rmw_fastrtps_cpp: 6.2.6 (/opt/ros/humble/share/rmw_fastrtps_cpp/cmake)
[5.906s] -- Found OpenSSL: /usr/lib/x86_64-linux-gnu/libcrypto.so (found version "3.0.2")  
[6.094s] -- Found FastRTPS: /opt/ros/humble/include  
[6.343s] -- Using RMW implementation 'rmw_fastrtps_cpp' as default
[6.415s] -- Looking for pthread.h
[6.799s] -- Looking for pthread.h - found
[6.803s] -- Performing Test CMAKE_HAVE_LIBC_PTHREAD
[7.151s] -- Performing Test CMAKE_HAVE_LIBC_PTHREAD - Success
[7.155s] -- Found Threads: TRUE  
[7.871s] -- Found sensor_msgs: 4.2.4 (/opt/ros/humble/share/sensor_msgs/cmake)
[8.293s] -- Found tf2: 0.25.7 (/opt/ros/humble/share/tf2/cmake)
[8.405s] -- Found tf2_msgs: 0.25.7 (/opt/ros/humble/share/tf2_msgs/cmake)
[9.131s] -- Found turtlebot3_msgs: 2.2.3 (/opt/ros/humble/share/turtlebot3_msgs/cmake)
[9.882s] -- Configuring done
[9.948s] -- Generating done
[9.958s] -- Build files have been written to: /home/pdy/kdta_ws/build/turtlebot3_fake_node
[9.997s] Invoked command in '/home/pdy/kdta_ws/build/turtlebot3_fake_node' returned '0': CMAKE_PREFIX_PATH=${CMAKE_PREFIX_PATH}:/opt/ros/humble /usr/bin/cmake /home/pdy/kdta_ws/src/turtlebot3_simulations/turtlebot3_fake_node -DAMENT_CMAKE_SYMLINK_INSTALL=1 -DCMAKE_INSTALL_PREFIX=/home/pdy/kdta_ws/install/turtlebot3_fake_node
[10.003s] Invoking command in '/home/pdy/kdta_ws/build/turtlebot3_fake_node': CMAKE_PREFIX_PATH=${CMAKE_PREFIX_PATH}:/opt/ros/humble /usr/bin/cmake --build /home/pdy/kdta_ws/build/turtlebot3_fake_node -- -j2 -l2
[10.211s] [ 50%] [32mBuilding CXX object CMakeFiles/turtlebot3_fake_node.dir/src/turtlebot3_fake_node.cpp.o[0m
[78.985s] [100%] [32m[1mLinking CXX executable turtlebot3_fake_node[0m
[81.482s] [100%] Built target turtlebot3_fake_node
[81.837s] Invoked command in '/home/pdy/kdta_ws/build/turtlebot3_fake_node' returned '0': CMAKE_PREFIX_PATH=${CMAKE_PREFIX_PATH}:/opt/ros/humble /usr/bin/cmake --build /home/pdy/kdta_ws/build/turtlebot3_fake_node -- -j2 -l2
[82.354s] Invoking command in '/home/pdy/kdta_ws/build/turtlebot3_fake_node': CMAKE_PREFIX_PATH=${CMAKE_PREFIX_PATH}:/opt/ros/humble /usr/bin/cmake --install /home/pdy/kdta_ws/build/turtlebot3_fake_node
[82.394s] -- Install configuration: ""
[82.401s] -- Execute custom install script
[82.402s] -- Symlinking: /home/pdy/kdta_ws/install/turtlebot3_fake_node/lib/turtlebot3_fake_node/turtlebot3_fake_node
[82.443s] -- Symlinking: /home/pdy/kdta_ws/install/turtlebot3_fake_node/share/turtlebot3_fake_node/launch/rviz2.launch.py
[82.498s] -- Symlinking: /home/pdy/kdta_ws/install/turtlebot3_fake_node/share/turtlebot3_fake_node/launch/turtlebot3_fake_node.launch.py
[82.547s] -- Symlinking: /home/pdy/kdta_ws/install/turtlebot3_fake_node/share/turtlebot3_fake_node/param/burger.yaml
[82.593s] -- Symlinking: /home/pdy/kdta_ws/install/turtlebot3_fake_node/share/turtlebot3_fake_node/param/waffle.yaml
[82.622s] -- Symlinking: /home/pdy/kdta_ws/install/turtlebot3_fake_node/share/turtlebot3_fake_node/param/waffle_pi.yaml
[82.653s] -- Symlinking: /home/pdy/kdta_ws/install/turtlebot3_fake_node/include//turtlebot3_fake_node/turtlebot3_fake_node.hpp
[82.678s] -- Symlinking: /home/pdy/kdta_ws/install/turtlebot3_fake_node/share/ament_index/resource_index/package_run_dependencies/turtlebot3_fake_node
[82.714s] -- Symlinking: /home/pdy/kdta_ws/install/turtlebot3_fake_node/share/ament_index/resource_index/parent_prefix_path/turtlebot3_fake_node
[82.768s] -- Symlinking: /home/pdy/kdta_ws/install/turtlebot3_fake_node/share/turtlebot3_fake_node/environment/ament_prefix_path.sh
[82.814s] -- Symlinking: /home/pdy/kdta_ws/install/turtlebot3_fake_node/share/turtlebot3_fake_node/environment/ament_prefix_path.dsv
[82.847s] -- Symlinking: /home/pdy/kdta_ws/install/turtlebot3_fake_node/share/turtlebot3_fake_node/environment/path.sh
[82.880s] -- Symlinking: /home/pdy/kdta_ws/install/turtlebot3_fake_node/share/turtlebot3_fake_node/environment/path.dsv
[82.931s] -- Symlinking: /home/pdy/kdta_ws/install/turtlebot3_fake_node/share/turtlebot3_fake_node/local_setup.bash
[83.010s] -- Symlinking: /home/pdy/kdta_ws/install/turtlebot3_fake_node/share/turtlebot3_fake_node/local_setup.sh
[83.063s] -- Symlinking: /home/pdy/kdta_ws/install/turtlebot3_fake_node/share/turtlebot3_fake_node/local_setup.zsh
[83.100s] -- Symlinking: /home/pdy/kdta_ws/install/turtlebot3_fake_node/share/turtlebot3_fake_node/local_setup.dsv
[83.169s] -- Symlinking: /home/pdy/kdta_ws/install/turtlebot3_fake_node/share/turtlebot3_fake_node/package.dsv
[83.222s] -- Symlinking: /home/pdy/kdta_ws/install/turtlebot3_fake_node/share/ament_index/resource_index/packages/turtlebot3_fake_node
[83.255s] -- Symlinking: /home/pdy/kdta_ws/install/turtlebot3_fake_node/share/turtlebot3_fake_node/cmake/ament_cmake_export_include_directories-extras.cmake
[83.288s] -- Symlinking: /home/pdy/kdta_ws/install/turtlebot3_fake_node/share/turtlebot3_fake_node/cmake/ament_cmake_export_dependencies-extras.cmake
[83.329s] -- Symlinking: /home/pdy/kdta_ws/install/turtlebot3_fake_node/share/turtlebot3_fake_node/cmake/turtlebot3_fake_nodeConfig.cmake
[83.387s] -- Symlinking: /home/pdy/kdta_ws/install/turtlebot3_fake_node/share/turtlebot3_fake_node/cmake/turtlebot3_fake_nodeConfig-version.cmake
[83.412s] -- Symlinking: /home/pdy/kdta_ws/install/turtlebot3_fake_node/share/turtlebot3_fake_node/package.xml
[83.520s] Invoked command in '/home/pdy/kdta_ws/build/turtlebot3_fake_node' returned '0': CMAKE_PREFIX_PATH=${CMAKE_PREFIX_PATH}:/opt/ros/humble /usr/bin/cmake --install /home/pdy/kdta_ws/build/turtlebot3_fake_node
